# STATUS

ARCHIVED

## Reason

Implementation completed.

This document is retained for historical reference only.

It must not be used as the primary implementation guide.

Refer to the active documentation for the current source of truth.

---

<?xml version="1.0" encoding="utf-8"?><testsuites name="pytest tests"><testsuite name="pytest" errors="0" failures="0" skipped="26" tests="498" time="52.749" timestamp="2026-08-04T02:32:42.939474+00:00" hostname="cs-867171362224-default"><testcase classname="ops.quality.suites.test_recommendation_behavior" name="test_persona_http_outcome[single_professional_blr]" time="1.862" /><testcase classname="ops.quality.suites.test_recommendation_behavior" name="test_persona_http_outcome[joint_family_elders_delhi]" time="0.110" /><testcase classname="ops.quality.suites.test_recommendation_behavior" name="test_persona_http_outcome[jain_couple_ahmedabad]" time="0.042" /><testcase classname="ops.quality.suites.test_recommendation_behavior" name="test_persona_http_outcome[couple_toddler_pune]" time="0.069" /><testcase classname="ops.quality.suites.test_recommendation_behavior" name="test_persona_http_outcome[couple_delhi_north]" time="0.146" /><testcase classname="ops.quality.suites.test_recommendation_behavior" name="test_persona_http_outcome[couple_mumbai_mh]" time="0.259" /><testcase classname="ops.quality.suites.test_recommendation_behavior" name="test_persona_http_outcome[migrant_bihar_mumbai]" time="0.233" /><testcase classname="ops.quality.suites.test_recommendation_behavior" name="test_persona_http_outcome[jain_strict_derived]" time="0.076" /><testcase classname="ops.quality.suites.test_recommendation_behavior" name="test_persona_http_outcome[nut_allergy_derived]" time="0.107" /><testcase classname="ops.quality.suites.test_recommendation_behavior" name="test_persona_http_outcome[fasting_navratri_derived]" time="0.144" /><testcase classname="ops.quality.suites.test_recommendation_behavior" name="test_persona_http_outcome[diabetic_senior_derived]" time="0.115" /><testcase classname="ops.quality.suites.test_recommendation_behavior" name="test_persona_http_outcome[infant_household_derived]" time="0.053" /><testcase classname="ops.quality.suites.test_recommendation_behavior" name="test_persona_http_outcome[empty_household_derived]" time="0.008" /><testcase classname="ops.quality.suites.test_recommendation_behavior" name="test_persona_http_outcome[missing_diet_derived]" time="0.019" /><testcase classname="ops.quality.suites.test_recommendation_behavior" name="test_persona_http_outcome[impossible_combo_derived]" time="0.036" /><testcase classname="ops.quality.suites.test_recommendation_behavior" name="test_persona_http_outcome[real_p01]" time="0.104" /><testcase classname="ops.quality.suites.test_recommendation_behavior" name="test_persona_http_outcome[real_p02]" time="0.104" /><testcase classname="ops.quality.suites.test_recommendation_behavior" name="test_persona_http_outcome[real_p03]" time="0.109" /><testcase classname="ops.quality.suites.test_recommendation_behavior" name="test_persona_http_outcome[real_p04]" time="0.100" /><testcase classname="ops.quality.suites.test_recommendation_behavior" name="test_persona_http_outcome[real_p05]" time="0.117" /><testcase classname="ops.quality.suites.test_recommendation_behavior" name="test_persona_http_outcome[real_p06]" time="0.113" /><testcase classname="ops.quality.suites.test_recommendation_behavior" name="test_persona_http_outcome[real_p07]" time="0.124" /><testcase classname="ops.quality.suites.test_recommendation_behavior" name="test_persona_http_outcome[real_p08]" time="0.050" /><testcase classname="ops.quality.suites.test_recommendation_behavior" name="test_persona_http_outcome[real_p09]" time="0.189" /><testcase classname="ops.quality.suites.test_recommendation_behavior" name="test_persona_http_outcome[real_p10]" time="0.105" /><testcase classname="ops.quality.suites.test_recommendation_behavior" name="test_persona_http_outcome[real_p11]" time="0.105" /><testcase classname="ops.quality.suites.test_recommendation_behavior" name="test_persona_http_outcome[real_p12]" time="0.111" /><testcase classname="ops.quality.suites.test_recommendation_behavior" name="test_persona_http_outcome[real_p13]" time="0.144" /><testcase classname="ops.quality.suites.test_recommendation_behavior" name="test_persona_http_outcome[real_p14]" time="0.154" /><testcase classname="ops.quality.suites.test_recommendation_behavior" name="test_persona_http_outcome[real_p15]" time="0.094" /><testcase classname="ops.quality.suites.test_recommendation_behavior" name="test_persona_http_outcome[real_p16]" time="0.110" /><testcase classname="ops.quality.suites.test_recommendation_behavior" name="test_persona_http_outcome[real_p17]" time="0.152" /><testcase classname="ops.quality.suites.test_recommendation_behavior" name="test_persona_http_outcome[real_p18]" time="0.228" /><testcase classname="ops.quality.suites.test_recommendation_behavior" name="test_persona_http_outcome[real_p19]" time="0.101" /><testcase classname="ops.quality.suites.test_recommendation_behavior" name="test_persona_http_outcome[real_p20]" time="0.051" /><testcase classname="ops.quality.suites.test_recommendation_behavior" name="test_persona_http_outcome[real_p21]" time="0.130" /><testcase classname="ops.quality.suites.test_recommendation_behavior" name="test_persona_http_outcome[real_p22]" time="0.074" /><testcase classname="ops.quality.suites.test_recommendation_behavior" name="test_persona_http_outcome[real_p23]" time="0.111" /><testcase classname="ops.quality.suites.test_recommendation_behavior" name="test_persona_http_outcome[real_p24]" time="0.125" /><testcase classname="ops.quality.suites.test_recommendation_behavior" name="test_persona_http_outcome[real_p25]" time="0.103" /><testcase classname="ops.quality.suites.test_recommendation_behavior" name="test_persona_http_outcome[real_p26]" time="0.125" /><testcase classname="ops.quality.suites.test_recommendation_behavior" name="test_persona_http_outcome[real_p27]" time="0.118" /><testcase classname="ops.quality.suites.test_recommendation_behavior" name="test_persona_http_outcome[real_p28]" time="0.095" /><testcase classname="ops.quality.suites.test_recommendation_behavior" name="test_persona_http_outcome[real_p29]" time="0.095" /><testcase classname="ops.quality.suites.test_recommendation_behavior" name="test_persona_http_outcome[real_p30]" time="0.154" /><testcase classname="ops.quality.suites.test_recommendation_behavior" name="test_persona_http_outcome[real_p31]" time="0.105" /><testcase classname="ops.quality.suites.test_recommendation_behavior" name="test_persona_http_outcome[real_p32]" time="0.211" /><testcase classname="ops.quality.suites.test_recommendation_behavior" name="test_persona_http_outcome[real_p33]" time="0.168" /><testcase classname="ops.quality.suites.test_recommendation_behavior" name="test_persona_http_outcome[real_p34]" time="0.092" /><testcase classname="ops.quality.suites.test_recommendation_behavior" name="test_persona_http_outcome[real_p35]" time="0.107" /><testcase classname="ops.quality.suites.test_recommendation_behavior" name="test_persona_http_outcome[real_p36]" time="0.099" /><testcase classname="ops.quality.suites.test_recommendation_behavior" name="test_persona_http_outcome[real_p37]" time="0.123" /><testcase classname="ops.quality.suites.test_recommendation_behavior" name="test_persona_http_outcome[real_p38]" time="0.120" /><testcase classname="ops.quality.suites.test_recommendation_behavior" name="test_persona_http_outcome[real_p39]" time="0.089" /><testcase classname="ops.quality.suites.test_recommendation_behavior" name="test_persona_http_outcome[real_p40]" time="0.096" /><testcase classname="ops.quality.suites.test_recommendation_behavior" name="test_persona_http_outcome[real_p41]" time="0.101" /><testcase classname="ops.quality.suites.test_recommendation_behavior" name="test_persona_http_outcome[allergy_peanuts_veg]" time="0.093" /><testcase classname="ops.quality.suites.test_recommendation_behavior" name="test_persona_http_outcome[allergy_peanuts_non_veg]" time="0.169" /><testcase classname="ops.quality.suites.test_recommendation_behavior" name="test_persona_http_outcome[allergy_dairy_veg]" time="0.069" /><testcase classname="ops.quality.suites.test_recommendation_behavior" name="test_persona_http_outcome[allergy_dairy_non_veg]" time="0.102" /><testcase classname="ops.quality.suites.test_recommendation_behavior" name="test_persona_http_outcome[allergy_gluten_veg]" time="0.089" /><testcase classname="ops.quality.suites.test_recommendation_behavior" name="test_persona_http_outcome[allergy_gluten_non_veg]" time="0.151" /><testcase classname="ops.quality.suites.test_recommendation_behavior" name="test_persona_http_outcome[allergy_shellfish_veg]" time="0.085" /><testcase classname="ops.quality.suites.test_recommendation_behavior" name="test_persona_http_outcome[allergy_shellfish_non_veg]" time="0.114" /><testcase classname="ops.quality.suites.test_recommendation_behavior" name="test_persona_http_outcome[allergy_egg_allergen_veg]" time="0.099" /><testcase classname="ops.quality.suites.test_recommendation_behavior" name="test_persona_http_outcome[allergy_egg_allergen_non_veg]" time="0.173" /><testcase classname="ops.quality.suites.test_recommendation_behavior" name="test_persona_http_outcome[allergy_soy_veg]" time="0.078" /><testcase classname="ops.quality.suites.test_recommendation_behavior" name="test_persona_http_outcome[allergy_soy_non_veg]" time="0.140" /><testcase classname="ops.quality.suites.test_recommendation_behavior" name="test_persona_http_outcome[allergy_sesame_veg]" time="0.092" /><testcase classname="ops.quality.suites.test_recommendation_behavior" name="test_persona_http_outcome[allergy_sesame_non_veg]" time="0.151" /><testcase classname="ops.quality.suites.test_recommendation_behavior" name="test_persona_http_outcome[region_rajasthan]" time="0.081" /><testcase classname="ops.quality.suites.test_recommendation_behavior" name="test_persona_http_outcome[region_kerala]" time="0.090" /><testcase classname="ops.quality.suites.test_recommendation_behavior" name="test_persona_http_outcome[region_telangana]" time="0.062" /><testcase classname="ops.quality.suites.test_recommendation_behavior" name="test_persona_http_outcome[region_odisha]" time="0.089" /><testcase classname="ops.quality.suites.test_recommendation_behavior" name="test_persona_http_outcome[region_assam]" time="0.055" /><testcase classname="ops.quality.suites.test_recommendation_behavior" name="test_persona_http_outcome[region_haryana]" time="0.082" /><testcase classname="ops.quality.suites.test_recommendation_behavior" name="test_persona_http_outcome[region_madhya_pradesh]" time="0.052" /><testcase classname="ops.quality.suites.test_recommendation_behavior" name="test_persona_http_outcome[region_jharkhand]" time="0.082" /><testcase classname="ops.quality.suites.test_recommendation_behavior" name="test_persona_http_outcome[large_joint_family_veg]" time="0.053" /><testcase classname="ops.quality.suites.test_recommendation_behavior" name="test_persona_http_outcome[large_joint_family_non_veg]" time="0.094" /><testcase classname="ops.quality.suites.test_recommendation_behavior" name="test_persona_http_outcome[solo_elder_veg]" time="0.055" /><testcase classname="ops.quality.suites.test_recommendation_behavior" name="test_persona_http_outcome[solo_elder_non_veg]" time="0.085" /><testcase classname="ops.quality.suites.test_recommendation_behavior" name="test_persona_http_outcome[multi_allergy_0]" time="0.029" /><testcase classname="ops.quality.suites.test_recommendation_behavior" name="test_persona_http_outcome[multi_allergy_1]" time="0.067" /><testcase classname="ops.quality.suites.test_recommendation_behavior" name="test_persona_http_outcome[fasting_ramzan_derived]" time="0.095" /><testcase classname="ops.quality.suites.test_recommendation_behavior" name="test_persona_http_outcome[fasting_ekadashi_jain_derived]" time="0.021" /><testcase classname="ops.quality.suites.test_recommendation_behavior" name="test_persona_http_outcome[jain_dairy_allergy_derived]" time="0.020" /><testcase classname="ops.quality.suites.test_recommendation_behavior" name="test_persona_http_outcome[egg_diet_egg_allergy_derived]" time="0.055" /><testcase classname="ops.quality.suites.test_recommendation_behavior" name="test_persona_http_outcome[negative_age_derived]" time="0.007" /><testcase classname="ops.quality.suites.test_recommendation_behavior" name="test_persona_http_outcome[unknown_diet_enum_derived]" time="0.006" /><testcase classname="ops.quality.suites.test_recommendation_behavior" name="test_persona_http_outcome[huge_household_derived]" time="0.054" /><testcase classname="ops.quality.suites.test_recommendation_behavior" name="test_persona_http_outcome[zero_professionals_derived]" time="0.060" /><testcase classname="ops.quality.suites.test_recommendation_behavior" name="test_persona_http_outcome[centenarian_derived]" time="0.054" /><testcase classname="ops.quality.suites.test_recommendation_behavior" name="test_persona_http_outcome[daily_eat_out_derived]" time="0.085" /><testcase classname="ops.quality.suites.test_recommendation_behavior" name="test_persona_http_outcome[five_children_derived]" time="0.032" /><testcase classname="ops.quality.suites.test_recommendation_behavior" name="test_persona_http_outcome[duplicate_allergy_entries_derived]" time="0.057" /><testcase classname="ops.quality.suites.test_recommendation_behavior" name="test_persona_http_outcome[objective_awesome_taste_derived]" time="0.049" /><testcase classname="ops.quality.suites.test_recommendation_behavior" name="test_persona_http_outcome[objective_healthy_living_derived]" time="0.058" /><testcase classname="ops.quality.suites.test_recommendation_behavior" name="test_persona_http_outcome[objective_into_fitness_derived]" time="0.053" /><testcase classname="ops.quality.suites.test_recommendation_behavior" name="test_persona_http_outcome[objective_protein_calculator_derived]" time="0.059" /><testcase classname="ops.quality.suites.test_recommendation_behavior" name="test_persona_diet_exclusion[single_professional_blr]" time="0.001"><skipped type="pytest.skip" message="no diet exclusion asserted for this persona">/home/ankit_mittal_mds02/foofoo-v3/ops/quality/suites/test_recommendation_behavior.py:97: no diet exclusion asserted for this persona</skipped></testcase><testcase classname="ops.quality.suites.test_recommendation_behavior" name="test_persona_diet_exclusion[joint_family_elders_delhi]" time="0.051" /><testcase classname="ops.quality.suites.test_recommendation_behavior" name="test_persona_diet_exclusion[jain_couple_ahmedabad]" time="0.024" /><testcase classname="ops.quality.suites.test_recommendation_behavior" name="test_persona_diet_exclusion[couple_toddler_pune]" time="0.034" /><testcase classname="ops.quality.suites.test_recommendation_behavior" name="test_persona_diet_exclusion[couple_delhi_north]" time="0.057" /><testcase classname="ops.quality.suites.test_recommendation_behavior" name="test_persona_diet_exclusion[couple_mumbai_mh]" time="0.053" /><testcase classname="ops.quality.suites.test_recommendation_behavior" name="test_persona_diet_exclusion[migrant_bihar_mumbai]" time="0.001"><skipped type="pytest.skip" message="no diet exclusion asserted for this persona">/home/ankit_mittal_mds02/foofoo-v3/ops/quality/suites/test_recommendation_behavior.py:97: no diet exclusion asserted for this persona</skipped></testcase><testcase classname="ops.quality.suites.test_recommendation_behavior" name="test_persona_diet_exclusion[jain_strict_derived]" time="0.021" /><testcase classname="ops.quality.suites.test_recommendation_behavior" name="test_persona_diet_exclusion[nut_allergy_derived]" time="0.062" /><testcase classname="ops.quality.suites.test_recommendation_behavior" name="test_persona_diet_exclusion[fasting_navratri_derived]" time="0.054" /><testcase classname="ops.quality.suites.test_recommendation_behavior" name="test_persona_diet_exclusion[diabetic_senior_derived]" time="0.059" /><testcase classname="ops.quality.suites.test_recommendation_behavior" name="test_persona_diet_exclusion[infant_household_derived]" time="0.001"><skipped type="pytest.skip" message="no diet exclusion asserted for this persona">/home/ankit_mittal_mds02/foofoo-v3/ops/quality/suites/test_recommendation_behavior.py:97: no diet exclusion asserted for this persona</skipped></testcase><testcase classname="ops.quality.suites.test_recommendation_behavior" name="test_persona_diet_exclusion[impossible_combo_derived]" time="0.021" /><testcase classname="ops.quality.suites.test_recommendation_behavior" name="test_persona_diet_exclusion[real_p01]" time="0.061" /><testcase classname="ops.quality.suites.test_recommendation_behavior" name="test_persona_diet_exclusion[real_p02]" time="0.118" /><testcase classname="ops.quality.suites.test_recommendation_behavior" name="test_persona_diet_exclusion[real_p03]" time="0.148" /><testcase classname="ops.quality.suites.test_recommendation_behavior" name="test_persona_diet_exclusion[real_p04]" time="0.052" /><testcase classname="ops.quality.suites.test_recommendation_behavior" name="test_persona_diet_exclusion[real_p05]" time="0.058" /><testcase classname="ops.quality.suites.test_recommendation_behavior" name="test_persona_diet_exclusion[real_p06]" time="0.056" /><testcase classname="ops.quality.suites.test_recommendation_behavior" name="test_persona_diet_exclusion[real_p07]" time="0.066" /><testcase classname="ops.quality.suites.test_recommendation_behavior" name="test_persona_diet_exclusion[real_p08]" time="0.034" /><testcase classname="ops.quality.suites.test_recommendation_behavior" name="test_persona_diet_exclusion[real_p09]" time="0.040" /><testcase classname="ops.quality.suites.test_recommendation_behavior" name="test_persona_diet_exclusion[real_p10]" time="0.052" /><testcase classname="ops.quality.suites.test_recommendation_behavior" name="test_persona_diet_exclusion[real_p11]" time="0.061" /><testcase classname="ops.quality.suites.test_recommendation_behavior" name="test_persona_diet_exclusion[real_p12]" time="0.053" /><testcase classname="ops.quality.suites.test_recommendation_behavior" name="test_persona_diet_exclusion[real_p13]" time="0.076" /><testcase classname="ops.quality.suites.test_recommendation_behavior" name="test_persona_diet_exclusion[real_p14]" time="0.063" /><testcase classname="ops.quality.suites.test_recommendation_behavior" name="test_persona_diet_exclusion[real_p15]" time="0.054" /><testcase classname="ops.quality.suites.test_recommendation_behavior" name="test_persona_diet_exclusion[real_p16]" time="0.060" /><testcase classname="ops.quality.suites.test_recommendation_behavior" name="test_persona_diet_exclusion[real_p17]" time="0.060" /><testcase classname="ops.quality.suites.test_recommendation_behavior" name="test_persona_diet_exclusion[real_p18]" time="0.001"><skipped type="pytest.skip" message="no diet exclusion asserted for this persona">/home/ankit_mittal_mds02/foofoo-v3/ops/quality/suites/test_recommendation_behavior.py:97: no diet exclusion asserted for this persona</skipped></testcase><testcase classname="ops.quality.suites.test_recommendation_behavior" name="test_persona_diet_exclusion[real_p19]" time="0.055" /><testcase classname="ops.quality.suites.test_recommendation_behavior" name="test_persona_diet_exclusion[real_p20]" time="0.024" /><testcase classname="ops.quality.suites.test_recommendation_behavior" name="test_persona_diet_exclusion[real_p21]" time="0.056" /><testcase classname="ops.quality.suites.test_recommendation_behavior" name="test_persona_diet_exclusion[real_p22]" time="0.069" /><testcase classname="ops.quality.suites.test_recommendation_behavior" name="test_persona_diet_exclusion[real_p23]" time="0.060" /><testcase classname="ops.quality.suites.test_recommendation_behavior" name="test_persona_diet_exclusion[real_p24]" time="0.055" /><testcase classname="ops.quality.suites.test_recommendation_behavior" name="test_persona_diet_exclusion[real_p25]" time="0.055" /><testcase classname="ops.quality.suites.test_recommendation_behavior" name="test_persona_diet_exclusion[real_p26]" time="0.053" /><testcase classname="ops.quality.suites.test_recommendation_behavior" name="test_persona_diet_exclusion[real_p27]" time="0.058" /><testcase classname="ops.quality.suites.test_recommendation_behavior" name="test_persona_diet_exclusion[real_p28]" time="0.062" /><testcase classname="ops.quality.suites.test_recommendation_behavior" name="test_persona_diet_exclusion[real_p29]" time="0.057" /><testcase classname="ops.quality.suites.test_recommendation_behavior" name="test_persona_diet_exclusion[real_p30]" time="0.001"><skipped type="pytest.skip" message="no diet exclusion asserted for this persona">/home/ankit_mittal_mds02/foofoo-v3/ops/quality/suites/test_recommendation_behavior.py:97: no diet exclusion asserted for this persona</skipped></testcase><testcase classname="ops.quality.suites.test_recommendation_behavior" name="test_persona_diet_exclusion[real_p31]" time="0.001"><skipped type="pytest.skip" message="no diet exclusion asserted for this persona">/home/ankit_mittal_mds02/foofoo-v3/ops/quality/suites/test_recommendation_behavior.py:97: no diet exclusion asserted for this persona</skipped></testcase><testcase classname="ops.quality.suites.test_recommendation_behavior" name="test_persona_diet_exclusion[real_p32]" time="0.001"><skipped type="pytest.skip" message="no diet exclusion asserted for this persona">/home/ankit_mittal_mds02/foofoo-v3/ops/quality/suites/test_recommendation_behavior.py:97: no diet exclusion asserted for this persona</skipped></testcase><testcase classname="ops.quality.suites.test_recommendation_behavior" name="test_persona_diet_exclusion[real_p33]" time="0.001"><skipped type="pytest.skip" message="no diet exclusion asserted for this persona">/home/ankit_mittal_mds02/foofoo-v3/ops/quality/suites/test_recommendation_behavior.py:97: no diet exclusion asserted for this persona</skipped></testcase><testcase classname="ops.quality.suites.test_recommendation_behavior" name="test_persona_diet_exclusion[real_p34]" time="0.053" /><testcase classname="ops.quality.suites.test_recommendation_behavior" name="test_persona_diet_exclusion[real_p35]" time="0.062" /><testcase classname="ops.quality.suites.test_recommendation_behavior" name="test_persona_diet_exclusion[real_p36]" time="0.063" /><testcase classname="ops.quality.suites.test_recommendation_behavior" name="test_persona_diet_exclusion[real_p37]" time="0.056" /><testcase classname="ops.quality.suites.test_recommendation_behavior" name="test_persona_diet_exclusion[real_p38]" time="0.067" /><testcase classname="ops.quality.suites.test_recommendation_behavior" name="test_persona_diet_exclusion[real_p39]" time="0.058" /><testcase classname="ops.quality.suites.test_recommendation_behavior" name="test_persona_diet_exclusion[real_p40]" time="0.051" /><testcase classname="ops.quality.suites.test_recommendation_behavior" name="test_persona_diet_exclusion[real_p41]" time="0.049" /><testcase classname="ops.quality.suites.test_recommendation_behavior" name="test_persona_diet_exclusion[allergy_peanuts_veg]" time="0.052" /><testcase classname="ops.quality.suites.test_recommendation_behavior" name="test_persona_diet_exclusion[allergy_peanuts_non_veg]" time="0.001"><skipped type="pytest.skip" message="no diet exclusion asserted for this persona">/home/ankit_mittal_mds02/foofoo-v3/ops/quality/suites/test_recommendation_behavior.py:97: no diet exclusion asserted for this persona</skipped></testcase><testcase classname="ops.quality.suites.test_recommendation_behavior" name="test_persona_diet_exclusion[allergy_dairy_veg]" time="0.037" /><testcase classname="ops.quality.suites.test_recommendation_behavior" name="test_persona_diet_exclusion[allergy_dairy_non_veg]" time="0.001"><skipped type="pytest.skip" message="no diet exclusion asserted for this persona">/home/ankit_mittal_mds02/foofoo-v3/ops/quality/suites/test_recommendation_behavior.py:97: no diet exclusion asserted for this persona</skipped></testcase><testcase classname="ops.quality.suites.test_recommendation_behavior" name="test_persona_diet_exclusion[allergy_gluten_veg]" time="0.049" /><testcase classname="ops.quality.suites.test_recommendation_behavior" name="test_persona_diet_exclusion[allergy_gluten_non_veg]" time="0.001"><skipped type="pytest.skip" message="no diet exclusion asserted for this persona">/home/ankit_mittal_mds02/foofoo-v3/ops/quality/suites/test_recommendation_behavior.py:97: no diet exclusion asserted for this persona</skipped></testcase><testcase classname="ops.quality.suites.test_recommendation_behavior" name="test_persona_diet_exclusion[allergy_shellfish_veg]" time="0.056" /><testcase classname="ops.quality.suites.test_recommendation_behavior" name="test_persona_diet_exclusion[allergy_shellfish_non_veg]" time="0.001"><skipped type="pytest.skip" message="no diet exclusion asserted for this persona">/home/ankit_mittal_mds02/foofoo-v3/ops/quality/suites/test_recommendation_behavior.py:97: no diet exclusion asserted for this persona</skipped></testcase><testcase classname="ops.quality.suites.test_recommendation_behavior" name="test_persona_diet_exclusion[allergy_egg_allergen_veg]" time="0.062" /><testcase classname="ops.quality.suites.test_recommendation_behavior" name="test_persona_diet_exclusion[allergy_egg_allergen_non_veg]" time="0.001"><skipped type="pytest.skip" message="no diet exclusion asserted for this persona">/home/ankit_mittal_mds02/foofoo-v3/ops/quality/suites/test_recommendation_behavior.py:97: no diet exclusion asserted for this persona</skipped></testcase><testcase classname="ops.quality.suites.test_recommendation_behavior" name="test_persona_diet_exclusion[allergy_soy_veg]" time="0.048" /><testcase classname="ops.quality.suites.test_recommendation_behavior" name="test_persona_diet_exclusion[allergy_soy_non_veg]" time="0.001"><skipped type="pytest.skip" message="no diet exclusion asserted for this persona">/home/ankit_mittal_mds02/foofoo-v3/ops/quality/suites/test_recommendation_behavior.py:97: no diet exclusion asserted for this persona</skipped></testcase><testcase classname="ops.quality.suites.test_recommendation_behavior" name="test_persona_diet_exclusion[allergy_sesame_veg]" time="0.053" /><testcase classname="ops.quality.suites.test_recommendation_behavior" name="test_persona_diet_exclusion[allergy_sesame_non_veg]" time="0.001"><skipped type="pytest.skip" message="no diet exclusion asserted for this persona">/home/ankit_mittal_mds02/foofoo-v3/ops/quality/suites/test_recommendation_behavior.py:97: no diet exclusion asserted for this persona</skipped></testcase><testcase classname="ops.quality.suites.test_recommendation_behavior" name="test_persona_diet_exclusion[region_rajasthan]" time="0.057" /><testcase classname="ops.quality.suites.test_recommendation_behavior" name="test_persona_diet_exclusion[region_kerala]" time="0.001"><skipped type="pytest.skip" message="no diet exclusion asserted for this persona">/home/ankit_mittal_mds02/foofoo-v3/ops/quality/suites/test_recommendation_behavior.py:97: no diet exclusion asserted for this persona</skipped></testcase><testcase classname="ops.quality.suites.test_recommendation_behavior" name="test_persona_diet_exclusion[region_telangana]" time="0.055" /><testcase classname="ops.quality.suites.test_recommendation_behavior" name="test_persona_diet_exclusion[region_odisha]" time="0.002"><skipped type="pytest.skip" message="no diet exclusion asserted for this persona">/home/ankit_mittal_mds02/foofoo-v3/ops/quality/suites/test_recommendation_behavior.py:97: no diet exclusion asserted for this persona</skipped></testcase><testcase classname="ops.quality.suites.test_recommendation_behavior" name="test_persona_diet_exclusion[region_assam]" time="0.052" /><testcase classname="ops.quality.suites.test_recommendation_behavior" name="test_persona_diet_exclusion[region_haryana]" time="0.001"><skipped type="pytest.skip" message="no diet exclusion asserted for this persona">/home/ankit_mittal_mds02/foofoo-v3/ops/quality/suites/test_recommendation_behavior.py:97: no diet exclusion asserted for this persona</skipped></testcase><testcase classname="ops.quality.suites.test_recommendation_behavior" name="test_persona_diet_exclusion[region_madhya_pradesh]" time="0.055" /><testcase classname="ops.quality.suites.test_recommendation_behavior" name="test_persona_diet_exclusion[region_jharkhand]" time="0.001"><skipped type="pytest.skip" message="no diet exclusion asserted for this persona">/home/ankit_mittal_mds02/foofoo-v3/ops/quality/suites/test_recommendation_behavior.py:97: no diet exclusion asserted for this persona</skipped></testcase><testcase classname="ops.quality.suites.test_recommendation_behavior" name="test_persona_diet_exclusion[large_joint_family_veg]" time="0.095" /><testcase classname="ops.quality.suites.test_recommendation_behavior" name="test_persona_diet_exclusion[large_joint_family_non_veg]" time="0.004"><skipped type="pytest.skip" message="no diet exclusion asserted for this persona">/home/ankit_mittal_mds02/foofoo-v3/ops/quality/suites/test_recommendation_behavior.py:97: no diet exclusion asserted for this persona</skipped></testcase><testcase classname="ops.quality.suites.test_recommendation_behavior" name="test_persona_diet_exclusion[solo_elder_veg]" time="0.173" /><testcase classname="ops.quality.suites.test_recommendation_behavior" name="test_persona_diet_exclusion[solo_elder_non_veg]" time="0.002"><skipped type="pytest.skip" message="no diet exclusion asserted for this persona">/home/ankit_mittal_mds02/foofoo-v3/ops/quality/suites/test_recommendation_behavior.py:97: no diet exclusion asserted for this persona</skipped></testcase><testcase classname="ops.quality.suites.test_recommendation_behavior" name="test_persona_diet_exclusion[multi_allergy_0]" time="0.033" /><testcase classname="ops.quality.suites.test_recommendation_behavior" name="test_persona_diet_exclusion[multi_allergy_1]" time="0.001"><skipped type="pytest.skip" message="no diet exclusion asserted for this persona">/home/ankit_mittal_mds02/foofoo-v3/ops/quality/suites/test_recommendation_behavior.py:97: no diet exclusion asserted for this persona</skipped></testcase><testcase classname="ops.quality.suites.test_recommendation_behavior" name="test_persona_diet_exclusion[fasting_ramzan_derived]" time="0.001"><skipped type="pytest.skip" message="no diet exclusion asserted for this persona">/home/ankit_mittal_mds02/foofoo-v3/ops/quality/suites/test_recommendation_behavior.py:97: no diet exclusion asserted for this persona</skipped></testcase><testcase classname="ops.quality.suites.test_recommendation_behavior" name="test_persona_diet_exclusion[fasting_ekadashi_jain_derived]" time="0.022" /><testcase classname="ops.quality.suites.test_recommendation_behavior" name="test_persona_diet_exclusion[jain_dairy_allergy_derived]" time="0.020" /><testcase classname="ops.quality.suites.test_recommendation_behavior" name="test_persona_diet_exclusion[egg_diet_egg_allergy_derived]" time="0.001"><skipped type="pytest.skip" message="no diet exclusion asserted for this persona">/home/ankit_mittal_mds02/foofoo-v3/ops/quality/suites/test_recommendation_behavior.py:97: no diet exclusion asserted for this persona</skipped></testcase><testcase classname="ops.quality.suites.test_recommendation_behavior" name="test_persona_diet_exclusion[huge_household_derived]" time="0.063" /><testcase classname="ops.quality.suites.test_recommendation_behavior" name="test_persona_diet_exclusion[zero_professionals_derived]" time="0.058" /><testcase classname="ops.quality.suites.test_recommendation_behavior" name="test_persona_diet_exclusion[centenarian_derived]" time="0.051" /><testcase classname="ops.quality.suites.test_recommendation_behavior" name="test_persona_diet_exclusion[daily_eat_out_derived]" time="0.001"><skipped type="pytest.skip" message="no diet exclusion asserted for this persona">/home/ankit_mittal_mds02/foofoo-v3/ops/quality/suites/test_recommendation_behavior.py:97: no diet exclusion asserted for this persona</skipped></testcase><testcase classname="ops.quality.suites.test_recommendation_behavior" name="test_persona_diet_exclusion[five_children_derived]" time="0.036" /><testcase classname="ops.quality.suites.test_recommendation_behavior" name="test_persona_diet_exclusion[duplicate_allergy_entries_derived]" time="0.054" /><testcase classname="ops.quality.suites.test_recommendation_behavior" name="test_persona_diet_exclusion[objective_awesome_taste_derived]" time="0.054" /><testcase classname="ops.quality.suites.test_recommendation_behavior" name="test_persona_diet_exclusion[objective_healthy_living_derived]" time="0.055" /><testcase classname="ops.quality.suites.test_recommendation_behavior" name="test_persona_diet_exclusion[objective_into_fitness_derived]" time="0.054" /><testcase classname="ops.quality.suites.test_recommendation_behavior" name="test_persona_diet_exclusion[objective_protein_calculator_derived]" time="0.056" /><testcase classname="ops.quality.suites.test_recommendation_behavior" name="test_persona_allergen_exclusion[nut_allergy_derived]" time="0.057" /><testcase classname="ops.quality.suites.test_recommendation_behavior" name="test_persona_allergen_exclusion[allergy_peanuts_veg]" time="0.051" /><testcase classname="ops.quality.suites.test_recommendation_behavior" name="test_persona_allergen_exclusion[allergy_peanuts_non_veg]" time="0.088" /><testcase classname="ops.quality.suites.test_recommendation_behavior" name="test_persona_allergen_exclusion[allergy_dairy_veg]" time="0.034" /><testcase classname="ops.quality.suites.test_recommendation_behavior" name="test_persona_allergen_exclusion[allergy_dairy_non_veg]" time="0.058" /><testcase classname="ops.quality.suites.test_recommendation_behavior" name="test_persona_allergen_exclusion[allergy_gluten_veg]" time="0.043" /><testcase classname="ops.quality.suites.test_recommendation_behavior" name="test_persona_allergen_exclusion[allergy_gluten_non_veg]" time="0.070" /><testcase classname="ops.quality.suites.test_recommendation_behavior" name="test_persona_allergen_exclusion[allergy_shellfish_veg]" time="0.059" /><testcase classname="ops.quality.suites.test_recommendation_behavior" name="test_persona_allergen_exclusion[allergy_shellfish_non_veg]" time="0.076" /><testcase classname="ops.quality.suites.test_recommendation_behavior" name="test_persona_allergen_exclusion[allergy_egg_allergen_veg]" time="0.139" /><testcase classname="ops.quality.suites.test_recommendation_behavior" name="test_persona_allergen_exclusion[allergy_egg_allergen_non_veg]" time="0.076" /><testcase classname="ops.quality.suites.test_recommendation_behavior" name="test_persona_allergen_exclusion[allergy_soy_veg]" time="0.056" /><testcase classname="ops.quality.suites.test_recommendation_behavior" name="test_persona_allergen_exclusion[allergy_soy_non_veg]" time="0.077" /><testcase classname="ops.quality.suites.test_recommendation_behavior" name="test_persona_allergen_exclusion[allergy_sesame_veg]" time="0.049" /><testcase classname="ops.quality.suites.test_recommendation_behavior" name="test_persona_allergen_exclusion[allergy_sesame_non_veg]" time="0.083" /><testcase classname="ops.quality.suites.test_recommendation_behavior" name="test_persona_allergen_exclusion[multi_allergy_0]" time="0.029" /><testcase classname="ops.quality.suites.test_recommendation_behavior" name="test_persona_allergen_exclusion[multi_allergy_1]" time="0.071" /><testcase classname="ops.quality.suites.test_recommendation_behavior" name="test_persona_allergen_exclusion[jain_dairy_allergy_derived]" time="0.021" /><testcase classname="ops.quality.suites.test_recommendation_behavior" name="test_persona_allergen_exclusion[egg_diet_egg_allergy_derived]" time="0.068" /><testcase classname="ops.quality.suites.test_recommendation_behavior" name="test_persona_allergen_exclusion[duplicate_allergy_entries_derived]" time="0.052" /><testcase classname="ops.quality.suites.test_recommendation_behavior" name="test_persona_plate_count[single_professional_blr]" time="0.087" /><testcase classname="ops.quality.suites.test_recommendation_behavior" name="test_persona_plate_count[joint_family_elders_delhi]" time="0.058" /><testcase classname="ops.quality.suites.test_recommendation_behavior" name="test_persona_plate_count[jain_couple_ahmedabad]" time="0.024" /><testcase classname="ops.quality.suites.test_recommendation_behavior" name="test_persona_plate_count[couple_toddler_pune]" time="0.036" /><testcase classname="ops.quality.suites.test_recommendation_behavior" name="test_persona_plate_count[couple_delhi_north]" time="0.061" /><testcase classname="ops.quality.suites.test_recommendation_behavior" name="test_persona_plate_count[couple_mumbai_mh]" time="0.050" /><testcase classname="ops.quality.suites.test_recommendation_behavior" name="test_persona_plate_count[migrant_bihar_mumbai]" time="0.085" /><testcase classname="ops.quality.suites.test_recommendation_behavior" name="test_persona_plate_count[jain_strict_derived]" time="0.020" /><testcase classname="ops.quality.suites.test_recommendation_behavior" name="test_persona_plate_count[nut_allergy_derived]" time="0.058" /><testcase classname="ops.quality.suites.test_recommendation_behavior" name="test_persona_plate_count[diabetic_senior_derived]" time="0.053" /><testcase classname="ops.quality.suites.test_recommendation_behavior" name="test_persona_plate_count[infant_household_derived]" time="0.043" /><testcase classname="ops.quality.suites.test_recommendation_behavior" name="test_persona_plate_count[real_p01]" time="0.059" /><testcase classname="ops.quality.suites.test_recommendation_behavior" name="test_persona_plate_count[real_p02]" time="0.059" /><testcase classname="ops.quality.suites.test_recommendation_behavior" name="test_persona_plate_count[real_p03]" time="0.058" /><testcase classname="ops.quality.suites.test_recommendation_behavior" name="test_persona_plate_count[real_p04]" time="0.053" /><testcase classname="ops.quality.suites.test_recommendation_behavior" name="test_persona_plate_count[real_p05]" time="0.053" /><testcase classname="ops.quality.suites.test_recommendation_behavior" name="test_persona_plate_count[real_p06]" time="0.060" /><testcase classname="ops.quality.suites.test_recommendation_behavior" name="test_persona_plate_count[real_p07]" time="0.058" /><testcase classname="ops.quality.suites.test_recommendation_behavior" name="test_persona_plate_count[real_p08]" time="0.032" /><testcase classname="ops.quality.suites.test_recommendation_behavior" name="test_persona_plate_count[real_p09]" time="0.032" /><testcase classname="ops.quality.suites.test_recommendation_behavior" name="test_persona_plate_count[real_p10]" time="0.058" /><testcase classname="ops.quality.suites.test_recommendation_behavior" name="test_persona_plate_count[real_p11]" time="0.059" /><testcase classname="ops.quality.suites.test_recommendation_behavior" name="test_persona_plate_count[real_p12]" time="0.055" /><testcase classname="ops.quality.suites.test_recommendation_behavior" name="test_persona_plate_count[real_p13]" time="0.081" /><testcase classname="ops.quality.suites.test_recommendation_behavior" name="test_persona_plate_count[real_p14]" time="0.058" /><testcase classname="ops.quality.suites.test_recommendation_behavior" name="test_persona_plate_count[real_p15]" time="0.058" /><testcase classname="ops.quality.suites.test_recommendation_behavior" name="test_persona_plate_count[real_p16]" time="0.053" /><testcase classname="ops.quality.suites.test_recommendation_behavior" name="test_persona_plate_count[real_p17]" time="0.056" /><testcase classname="ops.quality.suites.test_recommendation_behavior" name="test_persona_plate_count[real_p18]" time="0.089" /><testcase classname="ops.quality.suites.test_recommendation_behavior" name="test_persona_plate_count[real_p19]" time="0.051" /><testcase classname="ops.quality.suites.test_recommendation_behavior" name="test_persona_plate_count[real_p20]" time="0.021" /><testcase classname="ops.quality.suites.test_recommendation_behavior" name="test_persona_plate_count[real_p21]" time="0.060" /><testcase classname="ops.quality.suites.test_recommendation_behavior" name="test_persona_plate_count[real_p22]" time="0.050" /><testcase classname="ops.quality.suites.test_recommendation_behavior" name="test_persona_plate_count[real_p23]" time="0.058" /><testcase classname="ops.quality.suites.test_recommendation_behavior" name="test_persona_plate_count[real_p24]" time="0.058" /><testcase classname="ops.quality.suites.test_recommendation_behavior" name="test_persona_plate_count[real_p25]" time="0.054" /><testcase classname="ops.quality.suites.test_recommendation_behavior" name="test_persona_plate_count[real_p26]" time="0.061" /><testcase classname="ops.quality.suites.test_recommendation_behavior" name="test_persona_plate_count[real_p27]" time="0.055" /><testcase classname="ops.quality.suites.test_recommendation_behavior" name="test_persona_plate_count[real_p28]" time="0.059" /><testcase classname="ops.quality.suites.test_recommendation_behavior" name="test_persona_plate_count[real_p29]" time="0.051" /><testcase classname="ops.quality.suites.test_recommendation_behavior" name="test_persona_plate_count[real_p30]" time="0.089" /><testcase classname="ops.quality.suites.test_recommendation_behavior" name="test_persona_plate_count[real_p31]" time="0.069" /><testcase classname="ops.quality.suites.test_recommendation_behavior" name="test_persona_plate_count[real_p32]" time="0.111" /><testcase classname="ops.quality.suites.test_recommendation_behavior" name="test_persona_plate_count[real_p33]" time="0.224" /><testcase classname="ops.quality.suites.test_recommendation_behavior" name="test_persona_plate_count[real_p34]" time="0.113" /><testcase classname="ops.quality.suites.test_recommendation_behavior" name="test_persona_plate_count[real_p35]" time="0.102" /><testcase classname="ops.quality.suites.test_recommendation_behavior" name="test_persona_plate_count[real_p36]" time="0.099" /><testcase classname="ops.quality.suites.test_recommendation_behavior" name="test_persona_plate_count[real_p37]" time="0.097" /><testcase classname="ops.quality.suites.test_recommendation_behavior" name="test_persona_plate_count[real_p38]" time="0.102" /><testcase classname="ops.quality.suites.test_recommendation_behavior" name="test_persona_plate_count[real_p39]" time="0.091" /><testcase classname="ops.quality.suites.test_recommendation_behavior" name="test_persona_plate_count[real_p40]" time="0.091" /><testcase classname="ops.quality.suites.test_recommendation_behavior" name="test_persona_plate_count[real_p41]" time="0.090" /><testcase classname="ops.quality.suites.test_recommendation_behavior" name="test_persona_plate_count[allergy_peanuts_veg]" time="0.083" /><testcase classname="ops.quality.suites.test_recommendation_behavior" name="test_persona_plate_count[allergy_peanuts_non_veg]" time="0.144" /><testcase classname="ops.quality.suites.test_recommendation_behavior" name="test_persona_plate_count[allergy_dairy_veg]" time="0.071" /><testcase classname="ops.quality.suites.test_recommendation_behavior" name="test_persona_plate_count[allergy_dairy_non_veg]" time="0.106" /><testcase classname="ops.quality.suites.test_recommendation_behavior" name="test_persona_plate_count[allergy_gluten_veg]" time="0.075" /><testcase classname="ops.quality.suites.test_recommendation_behavior" name="test_persona_plate_count[allergy_gluten_non_veg]" time="0.114" /><testcase classname="ops.quality.suites.test_recommendation_behavior" name="test_persona_plate_count[allergy_shellfish_veg]" time="0.100" /><testcase classname="ops.quality.suites.test_recommendation_behavior" name="test_persona_plate_count[allergy_shellfish_non_veg]" time="0.142" /><testcase classname="ops.quality.suites.test_recommendation_behavior" name="test_persona_plate_count[allergy_egg_allergen_veg]" time="0.095" /><testcase classname="ops.quality.suites.test_recommendation_behavior" name="test_persona_plate_count[allergy_egg_allergen_non_veg]" time="0.147" /><testcase classname="ops.quality.suites.test_recommendation_behavior" name="test_persona_plate_count[allergy_soy_veg]" time="0.090" /><testcase classname="ops.quality.suites.test_recommendation_behavior" name="test_persona_plate_count[allergy_soy_non_veg]" time="0.143" /><testcase classname="ops.quality.suites.test_recommendation_behavior" name="test_persona_plate_count[allergy_sesame_veg]" time="0.098" /><testcase classname="ops.quality.suites.test_recommendation_behavior" name="test_persona_plate_count[allergy_sesame_non_veg]" time="0.276" /><testcase classname="ops.quality.suites.test_recommendation_behavior" name="test_persona_plate_count[region_rajasthan]" time="0.165" /><testcase classname="ops.quality.suites.test_recommendation_behavior" name="test_persona_plate_count[region_kerala]" time="0.188" /><testcase classname="ops.quality.suites.test_recommendation_behavior" name="test_persona_plate_count[region_telangana]" time="0.104" /><testcase classname="ops.quality.suites.test_recommendation_behavior" name="test_persona_plate_count[region_odisha]" time="0.156" /><testcase classname="ops.quality.suites.test_recommendation_behavior" name="test_persona_plate_count[region_assam]" time="0.105" /><testcase classname="ops.quality.suites.test_recommendation_behavior" name="test_persona_plate_count[region_haryana]" time="0.141" /><testcase classname="ops.quality.suites.test_recommendation_behavior" name="test_persona_plate_count[region_madhya_pradesh]" time="0.124" /><testcase classname="ops.quality.suites.test_recommendation_behavior" name="test_persona_plate_count[region_jharkhand]" time="0.098" /><testcase classname="ops.quality.suites.test_recommendation_behavior" name="test_persona_plate_count[large_joint_family_veg]" time="0.063" /><testcase classname="ops.quality.suites.test_recommendation_behavior" name="test_persona_plate_count[large_joint_family_non_veg]" time="0.095" /><testcase classname="ops.quality.suites.test_recommendation_behavior" name="test_persona_plate_count[solo_elder_veg]" time="0.053" /><testcase classname="ops.quality.suites.test_recommendation_behavior" name="test_persona_plate_count[solo_elder_non_veg]" time="0.087" /><testcase classname="ops.quality.suites.test_recommendation_behavior" name="test_persona_plate_count[multi_allergy_0]" time="0.033" /><testcase classname="ops.quality.suites.test_recommendation_behavior" name="test_persona_plate_count[multi_allergy_1]" time="0.069" /><testcase classname="ops.quality.suites.test_recommendation_behavior" name="test_persona_plate_count[zero_professionals_derived]" time="0.061" /><testcase classname="ops.quality.suites.test_recommendation_behavior" name="test_persona_plate_count[centenarian_derived]" time="0.052" /><testcase classname="ops.quality.suites.test_recommendation_behavior" name="test_persona_plate_count[daily_eat_out_derived]" time="0.094" /><testcase classname="ops.quality.suites.test_recommendation_behavior" name="test_persona_plate_count[five_children_derived]" time="0.056" /><testcase classname="ops.quality.suites.test_recommendation_behavior" name="test_persona_plate_count[duplicate_allergy_entries_derived]" time="0.052" /><testcase classname="ops.quality.suites.test_recommendation_behavior" name="test_persona_plate_count[objective_awesome_taste_derived]" time="0.059" /><testcase classname="ops.quality.suites.test_recommendation_behavior" name="test_persona_plate_count[objective_healthy_living_derived]" time="0.051" /><testcase classname="ops.quality.suites.test_recommendation_behavior" name="test_persona_plate_count[objective_into_fitness_derived]" time="0.057" /><testcase classname="ops.quality.suites.test_recommendation_behavior" name="test_persona_plate_count[objective_protein_calculator_derived]" time="0.050" /><testcase classname="ops.quality.suites.test_recommendation_behavior" name="test_persona_diversity_and_ordering[single_professional_blr]" time="0.086" /><testcase classname="ops.quality.suites.test_recommendation_behavior" name="test_persona_diversity_and_ordering[joint_family_elders_delhi]" time="0.053" /><testcase classname="ops.quality.suites.test_recommendation_behavior" name="test_persona_diversity_and_ordering[jain_couple_ahmedabad]" time="0.022" /><testcase classname="ops.quality.suites.test_recommendation_behavior" name="test_persona_diversity_and_ordering[couple_toddler_pune]" time="0.031" /><testcase classname="ops.quality.suites.test_recommendation_behavior" name="test_persona_diversity_and_ordering[couple_delhi_north]" time="0.054" /><testcase classname="ops.quality.suites.test_recommendation_behavior" name="test_persona_diversity_and_ordering[couple_mumbai_mh]" time="0.054" /><testcase classname="ops.quality.suites.test_recommendation_behavior" name="test_persona_diversity_and_ordering[migrant_bihar_mumbai]" time="0.082" /><testcase classname="ops.quality.suites.test_recommendation_behavior" name="test_persona_diversity_and_ordering[jain_strict_derived]" time="0.022" /><testcase classname="ops.quality.suites.test_recommendation_behavior" name="test_persona_diversity_and_ordering[nut_allergy_derived]" time="0.056" /><testcase classname="ops.quality.suites.test_recommendation_behavior" name="test_persona_diversity_and_ordering[fasting_navratri_derived]" time="0.053" /><testcase classname="ops.quality.suites.test_recommendation_behavior" name="test_persona_diversity_and_ordering[diabetic_senior_derived]" time="0.055" /><testcase classname="ops.quality.suites.test_recommendation_behavior" name="test_persona_diversity_and_ordering[infant_household_derived]" time="0.039" /><testcase classname="ops.quality.suites.test_recommendation_behavior" name="test_persona_diversity_and_ordering[impossible_combo_derived]" time="0.021" /><testcase classname="ops.quality.suites.test_recommendation_behavior" name="test_persona_diversity_and_ordering[real_p01]" time="0.065" /><testcase classname="ops.quality.suites.test_recommendation_behavior" name="test_persona_diversity_and_ordering[real_p02]" time="0.060" /><testcase classname="ops.quality.suites.test_recommendation_behavior" name="test_persona_diversity_and_ordering[real_p03]" time="0.057" /><testcase classname="ops.quality.suites.test_recommendation_behavior" name="test_persona_diversity_and_ordering[real_p04]" time="0.064" /><testcase classname="ops.quality.suites.test_recommendation_behavior" name="test_persona_diversity_and_ordering[real_p05]" time="0.059" /><testcase classname="ops.quality.suites.test_recommendation_behavior" name="test_persona_diversity_and_ordering[real_p06]" time="0.057" /><testcase classname="ops.quality.suites.test_recommendation_behavior" name="test_persona_diversity_and_ordering[real_p07]" time="0.051" /><testcase classname="ops.quality.suites.test_recommendation_behavior" name="test_persona_diversity_and_ordering[real_p08]" time="0.036" /><testcase classname="ops.quality.suites.test_recommendation_behavior" name="test_persona_diversity_and_ordering[real_p09]" time="0.032" /><testcase classname="ops.quality.suites.test_recommendation_behavior" name="test_persona_diversity_and_ordering[real_p10]" time="0.051" /><testcase classname="ops.quality.suites.test_recommendation_behavior" name="test_persona_diversity_and_ordering[real_p11]" time="0.056" /><testcase classname="ops.quality.suites.test_recommendation_behavior" name="test_persona_diversity_and_ordering[real_p12]" time="0.057" /><testcase classname="ops.quality.suites.test_recommendation_behavior" name="test_persona_diversity_and_ordering[real_p13]" time="0.057" /><testcase classname="ops.quality.suites.test_recommendation_behavior" name="test_persona_diversity_and_ordering[real_p14]" time="0.050" /><testcase classname="ops.quality.suites.test_recommendation_behavior" name="test_persona_diversity_and_ordering[real_p15]" time="0.059" /><testcase classname="ops.quality.suites.test_recommendation_behavior" name="test_persona_diversity_and_ordering[real_p16]" time="0.058" /><testcase classname="ops.quality.suites.test_recommendation_behavior" name="test_persona_diversity_and_ordering[real_p17]" time="0.055" /><testcase classname="ops.quality.suites.test_recommendation_behavior" name="test_persona_diversity_and_ordering[real_p18]" time="0.097" /><testcase classname="ops.quality.suites.test_recommendation_behavior" name="test_persona_diversity_and_ordering[real_p19]" time="0.071" /><testcase classname="ops.quality.suites.test_recommendation_behavior" name="test_persona_diversity_and_ordering[real_p20]" time="0.024" /><testcase classname="ops.quality.suites.test_recommendation_behavior" name="test_persona_diversity_and_ordering[real_p21]" time="0.052" /><testcase classname="ops.quality.suites.test_recommendation_behavior" name="test_persona_diversity_and_ordering[real_p22]" time="0.054" /><testcase classname="ops.quality.suites.test_recommendation_behavior" name="test_persona_diversity_and_ordering[real_p23]" time="0.055" /><testcase classname="ops.quality.suites.test_recommendation_behavior" name="test_persona_diversity_and_ordering[real_p24]" time="0.055" /><testcase classname="ops.quality.suites.test_recommendation_behavior" name="test_persona_diversity_and_ordering[real_p25]" time="0.057" /><testcase classname="ops.quality.suites.test_recommendation_behavior" name="test_persona_diversity_and_ordering[real_p26]" time="0.055" /><testcase classname="ops.quality.suites.test_recommendation_behavior" name="test_persona_diversity_and_ordering[real_p27]" time="0.049" /><testcase classname="ops.quality.suites.test_recommendation_behavior" name="test_persona_diversity_and_ordering[real_p28]" time="0.053" /><testcase classname="ops.quality.suites.test_recommendation_behavior" name="test_persona_diversity_and_ordering[real_p29]" time="0.051" /><testcase classname="ops.quality.suites.test_recommendation_behavior" name="test_persona_diversity_and_ordering[real_p30]" time="0.082" /><testcase classname="ops.quality.suites.test_recommendation_behavior" name="test_persona_diversity_and_ordering[real_p31]" time="0.058" /><testcase classname="ops.quality.suites.test_recommendation_behavior" name="test_persona_diversity_and_ordering[real_p32]" time="0.134" /><testcase classname="ops.quality.suites.test_recommendation_behavior" name="test_persona_diversity_and_ordering[real_p33]" time="0.140" /><testcase classname="ops.quality.suites.test_recommendation_behavior" name="test_persona_diversity_and_ordering[real_p34]" time="0.208" /><testcase classname="ops.quality.suites.test_recommendation_behavior" name="test_persona_diversity_and_ordering[real_p35]" time="0.156" /><testcase classname="ops.quality.suites.test_recommendation_behavior" name="test_persona_diversity_and_ordering[real_p36]" time="0.073" /><testcase classname="ops.quality.suites.test_recommendation_behavior" name="test_persona_diversity_and_ordering[real_p37]" time="0.063" /><testcase classname="ops.quality.suites.test_recommendation_behavior" name="test_persona_diversity_and_ordering[real_p38]" time="0.064" /><testcase classname="ops.quality.suites.test_recommendation_behavior" name="test_persona_diversity_and_ordering[real_p39]" time="0.062" /><testcase classname="ops.quality.suites.test_recommendation_behavior" name="test_persona_diversity_and_ordering[real_p40]" time="0.053" /><testcase classname="ops.quality.suites.test_recommendation_behavior" name="test_persona_diversity_and_ordering[real_p41]" time="0.061" /><testcase classname="ops.quality.suites.test_recommendation_behavior" name="test_persona_diversity_and_ordering[allergy_peanuts_veg]" time="0.053" /><testcase classname="ops.quality.suites.test_recommendation_behavior" name="test_persona_diversity_and_ordering[allergy_peanuts_non_veg]" time="0.094" /><testcase classname="ops.quality.suites.test_recommendation_behavior" name="test_persona_diversity_and_ordering[allergy_dairy_veg]" time="0.037" /><testcase classname="ops.quality.suites.test_recommendation_behavior" name="test_persona_diversity_and_ordering[allergy_dairy_non_veg]" time="0.099" /><testcase classname="ops.quality.suites.test_recommendation_behavior" name="test_persona_diversity_and_ordering[allergy_gluten_veg]" time="0.090" /><testcase classname="ops.quality.suites.test_recommendation_behavior" name="test_persona_diversity_and_ordering[allergy_gluten_non_veg]" time="0.077" /><testcase classname="ops.quality.suites.test_recommendation_behavior" name="test_persona_diversity_and_ordering[allergy_shellfish_veg]" time="0.057" /><testcase classname="ops.quality.suites.test_recommendation_behavior" name="test_persona_diversity_and_ordering[allergy_shellfish_non_veg]" time="0.090" /><testcase classname="ops.quality.suites.test_recommendation_behavior" name="test_persona_diversity_and_ordering[allergy_egg_allergen_veg]" time="0.058" /><testcase classname="ops.quality.suites.test_recommendation_behavior" name="test_persona_diversity_and_ordering[allergy_egg_allergen_non_veg]" time="0.081" /><testcase classname="ops.quality.suites.test_recommendation_behavior" name="test_persona_diversity_and_ordering[allergy_soy_veg]" time="0.050" /><testcase classname="ops.quality.suites.test_recommendation_behavior" name="test_persona_diversity_and_ordering[allergy_soy_non_veg]" time="0.074" /><testcase classname="ops.quality.suites.test_recommendation_behavior" name="test_persona_diversity_and_ordering[allergy_sesame_veg]" time="0.054" /><testcase classname="ops.quality.suites.test_recommendation_behavior" name="test_persona_diversity_and_ordering[allergy_sesame_non_veg]" time="0.076" /><testcase classname="ops.quality.suites.test_recommendation_behavior" name="test_persona_diversity_and_ordering[region_rajasthan]" time="0.057" /><testcase classname="ops.quality.suites.test_recommendation_behavior" name="test_persona_diversity_and_ordering[region_kerala]" time="0.086" /><testcase classname="ops.quality.suites.test_recommendation_behavior" name="test_persona_diversity_and_ordering[region_telangana]" time="0.052" /><testcase classname="ops.quality.suites.test_recommendation_behavior" name="test_persona_diversity_and_ordering[region_odisha]" time="0.083" /><testcase classname="ops.quality.suites.test_recommendation_behavior" name="test_persona_diversity_and_ordering[region_assam]" time="0.059" /><testcase classname="ops.quality.suites.test_recommendation_behavior" name="test_persona_diversity_and_ordering[region_haryana]" time="0.081" /><testcase classname="ops.quality.suites.test_recommendation_behavior" name="test_persona_diversity_and_ordering[region_madhya_pradesh]" time="0.053" /><testcase classname="ops.quality.suites.test_recommendation_behavior" name="test_persona_diversity_and_ordering[region_jharkhand]" time="0.081" /><testcase classname="ops.quality.suites.test_recommendation_behavior" name="test_persona_diversity_and_ordering[large_joint_family_veg]" time="0.048" /><testcase classname="ops.quality.suites.test_recommendation_behavior" name="test_persona_diversity_and_ordering[large_joint_family_non_veg]" time="0.085" /><testcase classname="ops.quality.suites.test_recommendation_behavior" name="test_persona_diversity_and_ordering[solo_elder_veg]" time="0.051" /><testcase classname="ops.quality.suites.test_recommendation_behavior" name="test_persona_diversity_and_ordering[solo_elder_non_veg]" time="0.080" /><testcase classname="ops.quality.suites.test_recommendation_behavior" name="test_persona_diversity_and_ordering[multi_allergy_0]" time="0.031" /><testcase classname="ops.quality.suites.test_recommendation_behavior" name="test_persona_diversity_and_ordering[multi_allergy_1]" time="0.065" /><testcase classname="ops.quality.suites.test_recommendation_behavior" name="test_persona_diversity_and_ordering[fasting_ramzan_derived]" time="0.084" /><testcase classname="ops.quality.suites.test_recommendation_behavior" name="test_persona_diversity_and_ordering[fasting_ekadashi_jain_derived]" time="0.021" /><testcase classname="ops.quality.suites.test_recommendation_behavior" name="test_persona_diversity_and_ordering[jain_dairy_allergy_derived]" time="0.022" /><testcase classname="ops.quality.suites.test_recommendation_behavior" name="test_persona_diversity_and_ordering[egg_diet_egg_allergy_derived]" time="0.059" /><testcase classname="ops.quality.suites.test_recommendation_behavior" name="test_persona_diversity_and_ordering[huge_household_derived]" time="0.064" /><testcase classname="ops.quality.suites.test_recommendation_behavior" name="test_persona_diversity_and_ordering[zero_professionals_derived]" time="0.056" /><testcase classname="ops.quality.suites.test_recommendation_behavior" name="test_persona_diversity_and_ordering[centenarian_derived]" time="0.064" /><testcase classname="ops.quality.suites.test_recommendation_behavior" name="test_persona_diversity_and_ordering[daily_eat_out_derived]" time="0.137" /><testcase classname="ops.quality.suites.test_recommendation_behavior" name="test_persona_diversity_and_ordering[five_children_derived]" time="0.053" /><testcase classname="ops.quality.suites.test_recommendation_behavior" name="test_persona_diversity_and_ordering[duplicate_allergy_entries_derived]" time="0.092" /><testcase classname="ops.quality.suites.test_recommendation_behavior" name="test_persona_diversity_and_ordering[objective_awesome_taste_derived]" time="0.111" /><testcase classname="ops.quality.suites.test_recommendation_behavior" name="test_persona_diversity_and_ordering[objective_healthy_living_derived]" time="0.092" /><testcase classname="ops.quality.suites.test_recommendation_behavior" name="test_persona_diversity_and_ordering[objective_into_fitness_derived]" time="0.083" /><testcase classname="ops.quality.suites.test_recommendation_behavior" name="test_persona_diversity_and_ordering[objective_protein_calculator_derived]" time="0.090" /><testcase classname="ops.quality.suites.test_recommendation_behavior" name="test_persona_determinism[single_professional_blr]" time="0.447" /><testcase classname="ops.quality.suites.test_recommendation_behavior" name="test_persona_determinism[joint_family_elders_delhi]" time="0.226" /><testcase classname="ops.quality.suites.test_recommendation_behavior" name="test_persona_determinism[jain_couple_ahmedabad]" time="0.073" /><testcase classname="ops.quality.suites.test_recommendation_behavior" name="test_persona_determinism[couple_toddler_pune]" time="0.121" /><testcase classname="ops.quality.suites.test_recommendation_behavior" name="test_persona_determinism[couple_delhi_north]" time="0.204" /><testcase classname="ops.quality.suites.test_recommendation_behavior" name="test_persona_determinism[couple_mumbai_mh]" time="0.219" /><testcase classname="ops.quality.suites.test_recommendation_behavior" name="test_persona_determinism[migrant_bihar_mumbai]" time="0.553" /><testcase classname="ops.quality.suites.test_recommendation_behavior" name="test_persona_determinism[jain_strict_derived]" time="0.081" /><testcase classname="ops.quality.suites.test_recommendation_behavior" name="test_persona_determinism[nut_allergy_derived]" time="0.226" /><testcase classname="ops.quality.suites.test_recommendation_behavior" name="test_persona_determinism[fasting_navratri_derived]" time="0.211" /><testcase classname="ops.quality.suites.test_recommendation_behavior" name="test_persona_determinism[diabetic_senior_derived]" time="0.275" /><testcase classname="ops.quality.suites.test_recommendation_behavior" name="test_persona_determinism[infant_household_derived]" time="0.136" /><testcase classname="ops.quality.suites.test_recommendation_behavior" name="test_persona_determinism[impossible_combo_derived]" time="0.078" /><testcase classname="ops.quality.suites.test_recommendation_behavior" name="test_persona_determinism[real_p01]" time="0.189" /><testcase classname="ops.quality.suites.test_recommendation_behavior" name="test_persona_determinism[real_p02]" time="0.256" /><testcase classname="ops.quality.suites.test_recommendation_behavior" name="test_persona_determinism[real_p03]" time="0.209" /><testcase classname="ops.quality.suites.test_recommendation_behavior" name="test_persona_determinism[real_p04]" time="0.220" /><testcase classname="ops.quality.suites.test_recommendation_behavior" name="test_persona_determinism[real_p05]" time="0.208" /><testcase classname="ops.quality.suites.test_recommendation_behavior" name="test_persona_determinism[real_p06]" time="0.201" /><testcase classname="ops.quality.suites.test_recommendation_behavior" name="test_persona_determinism[real_p07]" time="0.188" /><testcase classname="ops.quality.suites.test_recommendation_behavior" name="test_persona_determinism[real_p08]" time="0.111" /><testcase classname="ops.quality.suites.test_recommendation_behavior" name="test_persona_determinism[real_p09]" time="0.105" /><testcase classname="ops.quality.suites.test_recommendation_behavior" name="test_persona_determinism[real_p10]" time="0.179" /><testcase classname="ops.quality.suites.test_recommendation_behavior" name="test_persona_determinism[real_p11]" time="0.174" /><testcase classname="ops.quality.suites.test_recommendation_behavior" name="test_persona_determinism[real_p12]" time="0.169" /><testcase classname="ops.quality.suites.test_recommendation_behavior" name="test_persona_determinism[real_p13]" time="0.238" /><testcase classname="ops.quality.suites.test_recommendation_behavior" name="test_persona_determinism[real_p14]" time="0.277" /><testcase classname="ops.quality.suites.test_recommendation_behavior" name="test_persona_determinism[real_p15]" time="0.211" /><testcase classname="ops.quality.suites.test_recommendation_behavior" name="test_persona_determinism[real_p16]" time="0.201" /><testcase classname="ops.quality.suites.test_recommendation_behavior" name="test_persona_determinism[real_p17]" time="0.207" /><testcase classname="ops.quality.suites.test_recommendation_behavior" name="test_persona_determinism[real_p18]" time="0.328" /><testcase classname="ops.quality.suites.test_recommendation_behavior" name="test_persona_determinism[real_p19]" time="0.177" /><testcase classname="ops.quality.suites.test_recommendation_behavior" name="test_persona_determinism[real_p20]" time="0.056" /><testcase classname="ops.quality.suites.test_recommendation_behavior" name="test_persona_determinism[real_p21]" time="0.171" /><testcase classname="ops.quality.suites.test_recommendation_behavior" name="test_persona_determinism[real_p22]" time="0.183" /><testcase classname="ops.quality.suites.test_recommendation_behavior" name="test_persona_determinism[real_p23]" time="0.180" /><testcase classname="ops.quality.suites.test_recommendation_behavior" name="test_persona_determinism[real_p24]" time="0.193" /><testcase classname="ops.quality.suites.test_recommendation_behavior" name="test_persona_determinism[real_p25]" time="0.256" /><testcase classname="ops.quality.suites.test_recommendation_behavior" name="test_persona_determinism[real_p26]" time="0.188" /><testcase classname="ops.quality.suites.test_recommendation_behavior" name="test_persona_determinism[real_p27]" time="0.193" /><testcase classname="ops.quality.suites.test_recommendation_behavior" name="test_persona_determinism[real_p28]" time="0.185" /><testcase classname="ops.quality.suites.test_recommendation_behavior" name="test_persona_determinism[real_p29]" time="0.223" /><testcase classname="ops.quality.suites.test_recommendation_behavior" name="test_persona_determinism[real_p30]" time="0.299" /><testcase classname="ops.quality.suites.test_recommendation_behavior" name="test_persona_determinism[real_p31]" time="0.198" /><testcase classname="ops.quality.suites.test_recommendation_behavior" name="test_persona_determinism[real_p32]" time="0.326" /><testcase classname="ops.quality.suites.test_recommendation_behavior" name="test_persona_determinism[real_p33]" time="0.339" /><testcase classname="ops.quality.suites.test_recommendation_behavior" name="test_persona_determinism[real_p34]" time="0.209" /><testcase classname="ops.quality.suites.test_recommendation_behavior" name="test_persona_determinism[real_p35]" time="0.213" /><testcase classname="ops.quality.suites.test_recommendation_behavior" name="test_persona_determinism[real_p36]" time="0.188" /><testcase classname="ops.quality.suites.test_recommendation_behavior" name="test_persona_determinism[real_p37]" time="0.223" /><testcase classname="ops.quality.suites.test_recommendation_behavior" name="test_persona_determinism[real_p38]" time="0.211" /><testcase classname="ops.quality.suites.test_recommendation_behavior" name="test_persona_determinism[real_p39]" time="0.191" /><testcase classname="ops.quality.suites.test_recommendation_behavior" name="test_persona_determinism[real_p40]" time="0.190" /><testcase classname="ops.quality.suites.test_recommendation_behavior" name="test_persona_determinism[real_p41]" time="0.178" /><testcase classname="ops.quality.suites.test_recommendation_behavior" name="test_persona_determinism[allergy_peanuts_veg]" time="0.325" /><testcase classname="ops.quality.suites.test_recommendation_behavior" name="test_persona_determinism[allergy_peanuts_non_veg]" time="0.312" /><testcase classname="ops.quality.suites.test_recommendation_behavior" name="test_persona_determinism[allergy_dairy_veg]" time="0.126" /><testcase classname="ops.quality.suites.test_recommendation_behavior" name="test_persona_determinism[allergy_dairy_non_veg]" time="0.224" /><testcase classname="ops.quality.suites.test_recommendation_behavior" name="test_persona_determinism[allergy_gluten_veg]" time="0.165" /><testcase classname="ops.quality.suites.test_recommendation_behavior" name="test_persona_determinism[allergy_gluten_non_veg]" time="0.285" /><testcase classname="ops.quality.suites.test_recommendation_behavior" name="test_persona_determinism[allergy_shellfish_veg]" time="0.221" /><testcase classname="ops.quality.suites.test_recommendation_behavior" name="test_persona_determinism[allergy_shellfish_non_veg]" time="0.306" /><testcase classname="ops.quality.suites.test_recommendation_behavior" name="test_persona_determinism[allergy_egg_allergen_veg]" time="0.195" /><testcase classname="ops.quality.suites.test_recommendation_behavior" name="test_persona_determinism[allergy_egg_allergen_non_veg]" time="0.349" /><testcase classname="ops.quality.suites.test_recommendation_behavior" name="test_persona_determinism[allergy_soy_veg]" time="0.205" /><testcase classname="ops.quality.suites.test_recommendation_behavior" name="test_persona_determinism[allergy_soy_non_veg]" time="0.344" /><testcase classname="ops.quality.suites.test_recommendation_behavior" name="test_persona_determinism[allergy_sesame_veg]" time="0.221" /><testcase classname="ops.quality.suites.test_recommendation_behavior" name="test_persona_determinism[allergy_sesame_non_veg]" time="0.283" /><testcase classname="ops.quality.suites.test_recommendation_behavior" name="test_persona_determinism[region_rajasthan]" time="0.185" /><testcase classname="ops.quality.suites.test_recommendation_behavior" name="test_persona_determinism[region_kerala]" time="0.432" /><testcase classname="ops.quality.suites.test_recommendation_behavior" name="test_persona_determinism[region_telangana]" time="0.179" /><testcase classname="ops.quality.suites.test_recommendation_behavior" name="test_persona_determinism[region_odisha]" time="0.342" /><testcase classname="ops.quality.suites.test_recommendation_behavior" name="test_persona_determinism[region_assam]" time="0.188" /><testcase classname="ops.quality.suites.test_recommendation_behavior" name="test_persona_determinism[region_haryana]" time="0.307" /><testcase classname="ops.quality.suites.test_recommendation_behavior" name="test_persona_determinism[region_madhya_pradesh]" time="0.210" /><testcase classname="ops.quality.suites.test_recommendation_behavior" name="test_persona_determinism[region_jharkhand]" time="0.434" /><testcase classname="ops.quality.suites.test_recommendation_behavior" name="test_persona_determinism[large_joint_family_veg]" time="0.197" /><testcase classname="ops.quality.suites.test_recommendation_behavior" name="test_persona_determinism[large_joint_family_non_veg]" time="0.351" /><testcase classname="ops.quality.suites.test_recommendation_behavior" name="test_persona_determinism[solo_elder_veg]" time="0.192" /><testcase classname="ops.quality.suites.test_recommendation_behavior" name="test_persona_determinism[solo_elder_non_veg]" time="0.315" /><testcase classname="ops.quality.suites.test_recommendation_behavior" name="test_persona_determinism[multi_allergy_0]" time="0.139" /><testcase classname="ops.quality.suites.test_recommendation_behavior" name="test_persona_determinism[multi_allergy_1]" time="0.302" /><testcase classname="ops.quality.suites.test_recommendation_behavior" name="test_persona_determinism[fasting_ramzan_derived]" time="0.312" /><testcase classname="ops.quality.suites.test_recommendation_behavior" name="test_persona_determinism[fasting_ekadashi_jain_derived]" time="0.077" /><testcase classname="ops.quality.suites.test_recommendation_behavior" name="test_persona_determinism[jain_dairy_allergy_derived]" time="0.083" /><testcase classname="ops.quality.suites.test_recommendation_behavior" name="test_persona_determinism[egg_diet_egg_allergy_derived]" time="0.190" /><testcase classname="ops.quality.suites.test_recommendation_behavior" name="test_persona_determinism[huge_household_derived]" time="0.235" /><testcase classname="ops.quality.suites.test_recommendation_behavior" name="test_persona_determinism[zero_professionals_derived]" time="0.221" /><testcase classname="ops.quality.suites.test_recommendation_behavior" name="test_persona_determinism[centenarian_derived]" time="0.200" /><testcase classname="ops.quality.suites.test_recommendation_behavior" name="test_persona_determinism[daily_eat_out_derived]" time="0.339" /><testcase classname="ops.quality.suites.test_recommendation_behavior" name="test_persona_determinism[five_children_derived]" time="0.131" /><testcase classname="ops.quality.suites.test_recommendation_behavior" name="test_persona_determinism[duplicate_allergy_entries_derived]" time="0.320" /><testcase classname="ops.quality.suites.test_recommendation_behavior" name="test_persona_determinism[objective_awesome_taste_derived]" time="0.224" /><testcase classname="ops.quality.suites.test_recommendation_behavior" name="test_persona_determinism[objective_healthy_living_derived]" time="0.225" /><testcase classname="ops.quality.suites.test_recommendation_behavior" name="test_persona_determinism[objective_into_fitness_derived]" time="0.322" /><testcase classname="ops.quality.suites.test_recommendation_behavior" name="test_persona_determinism[objective_protein_calculator_derived]" time="0.201" /><testcase classname="ops.quality.suites.test_recommendation_behavior" name="test_persona_fallback_warnings[NOTSET]" time="0.005"><skipped type="pytest.skip" message="got empty parameter set for (persona)">/home/ankit_mittal_mds02/foofoo-v3/ops/quality/suites/test_recommendation_behavior.py:157: got empty parameter set for (persona)</skipped></testcase></testsuite></testsuites>