# STATUS

ARCHIVED

## Reason

Implementation completed.

This document is retained for historical reference only.

It must not be used as the primary implementation guide.

Refer to the active documentation for the current source of truth.

---

<?xml version="1.0" encoding="utf-8"?><testsuites name="pytest tests"><testsuite name="pytest" errors="0" failures="21" skipped="26" tests="498" time="85.190" timestamp="2026-08-04T02:24:55.208559+00:00" hostname="cs-867171362224-default"><testcase classname="ops.quality.suites.test_recommendation_behavior" name="test_persona_http_outcome[single_professional_blr]" time="1.769" /><testcase classname="ops.quality.suites.test_recommendation_behavior" name="test_persona_http_outcome[joint_family_elders_delhi]" time="0.099" /><testcase classname="ops.quality.suites.test_recommendation_behavior" name="test_persona_http_outcome[jain_couple_ahmedabad]" time="0.034" /><testcase classname="ops.quality.suites.test_recommendation_behavior" name="test_persona_http_outcome[couple_toddler_pune]" time="0.054" /><testcase classname="ops.quality.suites.test_recommendation_behavior" name="test_persona_http_outcome[couple_delhi_north]" time="0.094" /><testcase classname="ops.quality.suites.test_recommendation_behavior" name="test_persona_http_outcome[couple_mumbai_mh]" time="0.095" /><testcase classname="ops.quality.suites.test_recommendation_behavior" name="test_persona_http_outcome[migrant_bihar_mumbai]" time="0.144" /><testcase classname="ops.quality.suites.test_recommendation_behavior" name="test_persona_http_outcome[jain_strict_derived]" time="0.032" /><testcase classname="ops.quality.suites.test_recommendation_behavior" name="test_persona_http_outcome[nut_allergy_derived]" time="0.123" /><testcase classname="ops.quality.suites.test_recommendation_behavior" name="test_persona_http_outcome[fasting_navratri_derived]" time="0.124" /><testcase classname="ops.quality.suites.test_recommendation_behavior" name="test_persona_http_outcome[diabetic_senior_derived]" time="0.104" /><testcase classname="ops.quality.suites.test_recommendation_behavior" name="test_persona_http_outcome[infant_household_derived]" time="0.092" /><testcase classname="ops.quality.suites.test_recommendation_behavior" name="test_persona_http_outcome[empty_household_derived]" time="0.008" /><testcase classname="ops.quality.suites.test_recommendation_behavior" name="test_persona_http_outcome[missing_diet_derived]" time="0.007" /><testcase classname="ops.quality.suites.test_recommendation_behavior" name="test_persona_http_outcome[impossible_combo_derived]" time="0.035" /><testcase classname="ops.quality.suites.test_recommendation_behavior" name="test_persona_http_outcome[real_p01]" time="0.116" /><testcase classname="ops.quality.suites.test_recommendation_behavior" name="test_persona_http_outcome[real_p02]" time="0.208" /><testcase classname="ops.quality.suites.test_recommendation_behavior" name="test_persona_http_outcome[real_p03]" time="0.211" /><testcase classname="ops.quality.suites.test_recommendation_behavior" name="test_persona_http_outcome[real_p04]" time="0.246" /><testcase classname="ops.quality.suites.test_recommendation_behavior" name="test_persona_http_outcome[real_p05]" time="0.197" /><testcase classname="ops.quality.suites.test_recommendation_behavior" name="test_persona_http_outcome[real_p06]" time="0.206" /><testcase classname="ops.quality.suites.test_recommendation_behavior" name="test_persona_http_outcome[real_p07]" time="0.239" /><testcase classname="ops.quality.suites.test_recommendation_behavior" name="test_persona_http_outcome[real_p08]" time="0.118" /><testcase classname="ops.quality.suites.test_recommendation_behavior" name="test_persona_http_outcome[real_p09]" time="0.370" /><testcase classname="ops.quality.suites.test_recommendation_behavior" name="test_persona_http_outcome[real_p10]" time="0.212" /><testcase classname="ops.quality.suites.test_recommendation_behavior" name="test_persona_http_outcome[real_p11]" time="0.202" /><testcase classname="ops.quality.suites.test_recommendation_behavior" name="test_persona_http_outcome[real_p12]" time="0.202" /><testcase classname="ops.quality.suites.test_recommendation_behavior" name="test_persona_http_outcome[real_p13]" time="0.133" /><testcase classname="ops.quality.suites.test_recommendation_behavior" name="test_persona_http_outcome[real_p14]" time="0.189" /><testcase classname="ops.quality.suites.test_recommendation_behavior" name="test_persona_http_outcome[real_p15]" time="0.119" /><testcase classname="ops.quality.suites.test_recommendation_behavior" name="test_persona_http_outcome[real_p16]" time="0.115" /><testcase classname="ops.quality.suites.test_recommendation_behavior" name="test_persona_http_outcome[real_p17]" time="0.100" /><testcase classname="ops.quality.suites.test_recommendation_behavior" name="test_persona_http_outcome[real_p18]" time="0.327" /><testcase classname="ops.quality.suites.test_recommendation_behavior" name="test_persona_http_outcome[real_p19]" time="0.279" /><testcase classname="ops.quality.suites.test_recommendation_behavior" name="test_persona_http_outcome[real_p20]" time="0.085" /><testcase classname="ops.quality.suites.test_recommendation_behavior" name="test_persona_http_outcome[real_p21]" time="0.213" /><testcase classname="ops.quality.suites.test_recommendation_behavior" name="test_persona_http_outcome[real_p22]" time="0.200" /><testcase classname="ops.quality.suites.test_recommendation_behavior" name="test_persona_http_outcome[real_p23]" time="0.423" /><testcase classname="ops.quality.suites.test_recommendation_behavior" name="test_persona_http_outcome[real_p24]" time="0.445" /><testcase classname="ops.quality.suites.test_recommendation_behavior" name="test_persona_http_outcome[real_p25]" time="0.231" /><testcase classname="ops.quality.suites.test_recommendation_behavior" name="test_persona_http_outcome[real_p26]" time="0.209" /><testcase classname="ops.quality.suites.test_recommendation_behavior" name="test_persona_http_outcome[real_p27]" time="0.294" /><testcase classname="ops.quality.suites.test_recommendation_behavior" name="test_persona_http_outcome[real_p28]" time="0.221" /><testcase classname="ops.quality.suites.test_recommendation_behavior" name="test_persona_http_outcome[real_p29]" time="0.217" /><testcase classname="ops.quality.suites.test_recommendation_behavior" name="test_persona_http_outcome[real_p30]" time="0.598" /><testcase classname="ops.quality.suites.test_recommendation_behavior" name="test_persona_http_outcome[real_p31]" time="0.432" /><testcase classname="ops.quality.suites.test_recommendation_behavior" name="test_persona_http_outcome[real_p32]" time="0.485" /><testcase classname="ops.quality.suites.test_recommendation_behavior" name="test_persona_http_outcome[real_p33]" time="0.244" /><testcase classname="ops.quality.suites.test_recommendation_behavior" name="test_persona_http_outcome[real_p34]" time="0.208" /><testcase classname="ops.quality.suites.test_recommendation_behavior" name="test_persona_http_outcome[real_p35]" time="0.139" /><testcase classname="ops.quality.suites.test_recommendation_behavior" name="test_persona_http_outcome[real_p36]" time="0.266" /><testcase classname="ops.quality.suites.test_recommendation_behavior" name="test_persona_http_outcome[real_p37]" time="0.232" /><testcase classname="ops.quality.suites.test_recommendation_behavior" name="test_persona_http_outcome[real_p38]" time="0.119" /><testcase classname="ops.quality.suites.test_recommendation_behavior" name="test_persona_http_outcome[real_p39]" time="0.138" /><testcase classname="ops.quality.suites.test_recommendation_behavior" name="test_persona_http_outcome[real_p40]" time="0.135" /><testcase classname="ops.quality.suites.test_recommendation_behavior" name="test_persona_http_outcome[real_p41]" time="0.125" /><testcase classname="ops.quality.suites.test_recommendation_behavior" name="test_persona_http_outcome[allergy_peanuts_veg]" time="0.101" /><testcase classname="ops.quality.suites.test_recommendation_behavior" name="test_persona_http_outcome[allergy_peanuts_non_veg]" time="0.185" /><testcase classname="ops.quality.suites.test_recommendation_behavior" name="test_persona_http_outcome[allergy_dairy_veg]" time="0.084" /><testcase classname="ops.quality.suites.test_recommendation_behavior" name="test_persona_http_outcome[allergy_dairy_non_veg]" time="0.123" /><testcase classname="ops.quality.suites.test_recommendation_behavior" name="test_persona_http_outcome[allergy_gluten_veg]" time="0.083" /><testcase classname="ops.quality.suites.test_recommendation_behavior" name="test_persona_http_outcome[allergy_gluten_non_veg]" time="0.286" /><testcase classname="ops.quality.suites.test_recommendation_behavior" name="test_persona_http_outcome[allergy_shellfish_veg]" time="0.162" /><testcase classname="ops.quality.suites.test_recommendation_behavior" name="test_persona_http_outcome[allergy_shellfish_non_veg]" time="0.341" /><testcase classname="ops.quality.suites.test_recommendation_behavior" name="test_persona_http_outcome[allergy_egg_allergen_veg]" time="0.156" /><testcase classname="ops.quality.suites.test_recommendation_behavior" name="test_persona_http_outcome[allergy_egg_allergen_non_veg]" time="0.219" /><testcase classname="ops.quality.suites.test_recommendation_behavior" name="test_persona_http_outcome[allergy_soy_veg]" time="0.096" /><testcase classname="ops.quality.suites.test_recommendation_behavior" name="test_persona_http_outcome[allergy_soy_non_veg]" time="0.159" /><testcase classname="ops.quality.suites.test_recommendation_behavior" name="test_persona_http_outcome[allergy_sesame_veg]" time="0.112" /><testcase classname="ops.quality.suites.test_recommendation_behavior" name="test_persona_http_outcome[allergy_sesame_non_veg]" time="0.255" /><testcase classname="ops.quality.suites.test_recommendation_behavior" name="test_persona_http_outcome[region_rajasthan]" time="0.117" /><testcase classname="ops.quality.suites.test_recommendation_behavior" name="test_persona_http_outcome[region_kerala]" time="0.154" /><testcase classname="ops.quality.suites.test_recommendation_behavior" name="test_persona_http_outcome[region_telangana]" time="0.109" /><testcase classname="ops.quality.suites.test_recommendation_behavior" name="test_persona_http_outcome[region_odisha]" time="0.277" /><testcase classname="ops.quality.suites.test_recommendation_behavior" name="test_persona_http_outcome[region_assam]" time="0.114" /><testcase classname="ops.quality.suites.test_recommendation_behavior" name="test_persona_http_outcome[region_haryana]" time="0.401" /><testcase classname="ops.quality.suites.test_recommendation_behavior" name="test_persona_http_outcome[region_madhya_pradesh]" time="0.265" /><testcase classname="ops.quality.suites.test_recommendation_behavior" name="test_persona_http_outcome[region_jharkhand]" time="0.254" /><testcase classname="ops.quality.suites.test_recommendation_behavior" name="test_persona_http_outcome[large_joint_family_veg]" time="0.195" /><testcase classname="ops.quality.suites.test_recommendation_behavior" name="test_persona_http_outcome[large_joint_family_non_veg]" time="0.291" /><testcase classname="ops.quality.suites.test_recommendation_behavior" name="test_persona_http_outcome[solo_elder_veg]" time="0.099" /><testcase classname="ops.quality.suites.test_recommendation_behavior" name="test_persona_http_outcome[solo_elder_non_veg]" time="0.215" /><testcase classname="ops.quality.suites.test_recommendation_behavior" name="test_persona_http_outcome[multi_allergy_0]" time="0.051" /><testcase classname="ops.quality.suites.test_recommendation_behavior" name="test_persona_http_outcome[multi_allergy_1]" time="0.142" /><testcase classname="ops.quality.suites.test_recommendation_behavior" name="test_persona_http_outcome[fasting_ramzan_derived]" time="0.196" /><testcase classname="ops.quality.suites.test_recommendation_behavior" name="test_persona_http_outcome[fasting_ekadashi_jain_derived]" time="0.107" /><testcase classname="ops.quality.suites.test_recommendation_behavior" name="test_persona_http_outcome[jain_dairy_allergy_derived]" time="0.046" /><testcase classname="ops.quality.suites.test_recommendation_behavior" name="test_persona_http_outcome[egg_diet_egg_allergy_derived]" time="0.175" /><testcase classname="ops.quality.suites.test_recommendation_behavior" name="test_persona_http_outcome[negative_age_derived]" time="0.019" /><testcase classname="ops.quality.suites.test_recommendation_behavior" name="test_persona_http_outcome[unknown_diet_enum_derived]" time="0.012" /><testcase classname="ops.quality.suites.test_recommendation_behavior" name="test_persona_http_outcome[huge_household_derived]" time="0.234" /><testcase classname="ops.quality.suites.test_recommendation_behavior" name="test_persona_http_outcome[zero_professionals_derived]" time="0.136" /><testcase classname="ops.quality.suites.test_recommendation_behavior" name="test_persona_http_outcome[centenarian_derived]" time="0.124" /><testcase classname="ops.quality.suites.test_recommendation_behavior" name="test_persona_http_outcome[daily_eat_out_derived]" time="0.186" /><testcase classname="ops.quality.suites.test_recommendation_behavior" name="test_persona_http_outcome[five_children_derived]" time="0.060" /><testcase classname="ops.quality.suites.test_recommendation_behavior" name="test_persona_http_outcome[duplicate_allergy_entries_derived]" time="0.105" /><testcase classname="ops.quality.suites.test_recommendation_behavior" name="test_persona_http_outcome[objective_awesome_taste_derived]" time="0.096" /><testcase classname="ops.quality.suites.test_recommendation_behavior" name="test_persona_http_outcome[objective_healthy_living_derived]" time="0.097" /><testcase classname="ops.quality.suites.test_recommendation_behavior" name="test_persona_http_outcome[objective_into_fitness_derived]" time="0.143" /><testcase classname="ops.quality.suites.test_recommendation_behavior" name="test_persona_http_outcome[objective_protein_calculator_derived]" time="0.146" /><testcase classname="ops.quality.suites.test_recommendation_behavior" name="test_persona_diet_exclusion[single_professional_blr]" time="0.005"><skipped type="pytest.skip" message="no diet exclusion asserted for this persona">/home/ankit_mittal_mds02/foofoo-v3/ops/quality/suites/test_recommendation_behavior.py:97: no diet exclusion asserted for this persona</skipped></testcase><testcase classname="ops.quality.suites.test_recommendation_behavior" name="test_persona_diet_exclusion[joint_family_elders_delhi]" time="0.506" /><testcase classname="ops.quality.suites.test_recommendation_behavior" name="test_persona_diet_exclusion[jain_couple_ahmedabad]" time="0.135" /><testcase classname="ops.quality.suites.test_recommendation_behavior" name="test_persona_diet_exclusion[couple_toddler_pune]" time="0.112" /><testcase classname="ops.quality.suites.test_recommendation_behavior" name="test_persona_diet_exclusion[couple_delhi_north]" time="0.192" /><testcase classname="ops.quality.suites.test_recommendation_behavior" name="test_persona_diet_exclusion[couple_mumbai_mh]" time="0.114" /><testcase classname="ops.quality.suites.test_recommendation_behavior" name="test_persona_diet_exclusion[migrant_bihar_mumbai]" time="0.002"><skipped type="pytest.skip" message="no diet exclusion asserted for this persona">/home/ankit_mittal_mds02/foofoo-v3/ops/quality/suites/test_recommendation_behavior.py:97: no diet exclusion asserted for this persona</skipped></testcase><testcase classname="ops.quality.suites.test_recommendation_behavior" name="test_persona_diet_exclusion[jain_strict_derived]" time="0.042" /><testcase classname="ops.quality.suites.test_recommendation_behavior" name="test_persona_diet_exclusion[nut_allergy_derived]" time="0.111" /><testcase classname="ops.quality.suites.test_recommendation_behavior" name="test_persona_diet_exclusion[fasting_navratri_derived]" time="0.254" /><testcase classname="ops.quality.suites.test_recommendation_behavior" name="test_persona_diet_exclusion[diabetic_senior_derived]" time="0.198" /><testcase classname="ops.quality.suites.test_recommendation_behavior" name="test_persona_diet_exclusion[infant_household_derived]" time="0.002"><skipped type="pytest.skip" message="no diet exclusion asserted for this persona">/home/ankit_mittal_mds02/foofoo-v3/ops/quality/suites/test_recommendation_behavior.py:97: no diet exclusion asserted for this persona</skipped></testcase><testcase classname="ops.quality.suites.test_recommendation_behavior" name="test_persona_diet_exclusion[impossible_combo_derived]" time="0.068" /><testcase classname="ops.quality.suites.test_recommendation_behavior" name="test_persona_diet_exclusion[real_p01]" time="0.147" /><testcase classname="ops.quality.suites.test_recommendation_behavior" name="test_persona_diet_exclusion[real_p02]" time="0.140" /><testcase classname="ops.quality.suites.test_recommendation_behavior" name="test_persona_diet_exclusion[real_p03]" time="0.146" /><testcase classname="ops.quality.suites.test_recommendation_behavior" name="test_persona_diet_exclusion[real_p04]" time="0.112" /><testcase classname="ops.quality.suites.test_recommendation_behavior" name="test_persona_diet_exclusion[real_p05]" time="0.174" /><testcase classname="ops.quality.suites.test_recommendation_behavior" name="test_persona_diet_exclusion[real_p06]" time="0.129" /><testcase classname="ops.quality.suites.test_recommendation_behavior" name="test_persona_diet_exclusion[real_p07]" time="0.057" /><testcase classname="ops.quality.suites.test_recommendation_behavior" name="test_persona_diet_exclusion[real_p08]" time="0.035" /><testcase classname="ops.quality.suites.test_recommendation_behavior" name="test_persona_diet_exclusion[real_p09]" time="0.037" /><testcase classname="ops.quality.suites.test_recommendation_behavior" name="test_persona_diet_exclusion[real_p10]" time="0.071" /><testcase classname="ops.quality.suites.test_recommendation_behavior" name="test_persona_diet_exclusion[real_p11]" time="0.054" /><testcase classname="ops.quality.suites.test_recommendation_behavior" name="test_persona_diet_exclusion[real_p12]" time="0.056" /><testcase classname="ops.quality.suites.test_recommendation_behavior" name="test_persona_diet_exclusion[real_p13]" time="0.063" /><testcase classname="ops.quality.suites.test_recommendation_behavior" name="test_persona_diet_exclusion[real_p14]" time="0.059" /><testcase classname="ops.quality.suites.test_recommendation_behavior" name="test_persona_diet_exclusion[real_p15]" time="0.058" /><testcase classname="ops.quality.suites.test_recommendation_behavior" name="test_persona_diet_exclusion[real_p16]" time="0.057" /><testcase classname="ops.quality.suites.test_recommendation_behavior" name="test_persona_diet_exclusion[real_p17]" time="0.059" /><testcase classname="ops.quality.suites.test_recommendation_behavior" name="test_persona_diet_exclusion[real_p18]" time="0.001"><skipped type="pytest.skip" message="no diet exclusion asserted for this persona">/home/ankit_mittal_mds02/foofoo-v3/ops/quality/suites/test_recommendation_behavior.py:97: no diet exclusion asserted for this persona</skipped></testcase><testcase classname="ops.quality.suites.test_recommendation_behavior" name="test_persona_diet_exclusion[real_p19]" time="0.052" /><testcase classname="ops.quality.suites.test_recommendation_behavior" name="test_persona_diet_exclusion[real_p20]" time="0.027" /><testcase classname="ops.quality.suites.test_recommendation_behavior" name="test_persona_diet_exclusion[real_p21]" time="0.060" /><testcase classname="ops.quality.suites.test_recommendation_behavior" name="test_persona_diet_exclusion[real_p22]" time="0.056" /><testcase classname="ops.quality.suites.test_recommendation_behavior" name="test_persona_diet_exclusion[real_p23]" time="0.061" /><testcase classname="ops.quality.suites.test_recommendation_behavior" name="test_persona_diet_exclusion[real_p24]" time="0.054" /><testcase classname="ops.quality.suites.test_recommendation_behavior" name="test_persona_diet_exclusion[real_p25]" time="0.051" /><testcase classname="ops.quality.suites.test_recommendation_behavior" name="test_persona_diet_exclusion[real_p26]" time="0.056" /><testcase classname="ops.quality.suites.test_recommendation_behavior" name="test_persona_diet_exclusion[real_p27]" time="0.054" /><testcase classname="ops.quality.suites.test_recommendation_behavior" name="test_persona_diet_exclusion[real_p28]" time="0.069" /><testcase classname="ops.quality.suites.test_recommendation_behavior" name="test_persona_diet_exclusion[real_p29]" time="0.054" /><testcase classname="ops.quality.suites.test_recommendation_behavior" name="test_persona_diet_exclusion[real_p30]" time="0.001"><skipped type="pytest.skip" message="no diet exclusion asserted for this persona">/home/ankit_mittal_mds02/foofoo-v3/ops/quality/suites/test_recommendation_behavior.py:97: no diet exclusion asserted for this persona</skipped></testcase><testcase classname="ops.quality.suites.test_recommendation_behavior" name="test_persona_diet_exclusion[real_p31]" time="0.001"><skipped type="pytest.skip" message="no diet exclusion asserted for this persona">/home/ankit_mittal_mds02/foofoo-v3/ops/quality/suites/test_recommendation_behavior.py:97: no diet exclusion asserted for this persona</skipped></testcase><testcase classname="ops.quality.suites.test_recommendation_behavior" name="test_persona_diet_exclusion[real_p32]" time="0.001"><skipped type="pytest.skip" message="no diet exclusion asserted for this persona">/home/ankit_mittal_mds02/foofoo-v3/ops/quality/suites/test_recommendation_behavior.py:97: no diet exclusion asserted for this persona</skipped></testcase><testcase classname="ops.quality.suites.test_recommendation_behavior" name="test_persona_diet_exclusion[real_p33]" time="0.001"><skipped type="pytest.skip" message="no diet exclusion asserted for this persona">/home/ankit_mittal_mds02/foofoo-v3/ops/quality/suites/test_recommendation_behavior.py:97: no diet exclusion asserted for this persona</skipped></testcase><testcase classname="ops.quality.suites.test_recommendation_behavior" name="test_persona_diet_exclusion[real_p34]" time="0.061" /><testcase classname="ops.quality.suites.test_recommendation_behavior" name="test_persona_diet_exclusion[real_p35]" time="0.060" /><testcase classname="ops.quality.suites.test_recommendation_behavior" name="test_persona_diet_exclusion[real_p36]" time="0.055" /><testcase classname="ops.quality.suites.test_recommendation_behavior" name="test_persona_diet_exclusion[real_p37]" time="0.060" /><testcase classname="ops.quality.suites.test_recommendation_behavior" name="test_persona_diet_exclusion[real_p38]" time="0.070" /><testcase classname="ops.quality.suites.test_recommendation_behavior" name="test_persona_diet_exclusion[real_p39]" time="0.071" /><testcase classname="ops.quality.suites.test_recommendation_behavior" name="test_persona_diet_exclusion[real_p40]" time="0.063" /><testcase classname="ops.quality.suites.test_recommendation_behavior" name="test_persona_diet_exclusion[real_p41]" time="0.074" /><testcase classname="ops.quality.suites.test_recommendation_behavior" name="test_persona_diet_exclusion[allergy_peanuts_veg]" time="0.083" /><testcase classname="ops.quality.suites.test_recommendation_behavior" name="test_persona_diet_exclusion[allergy_peanuts_non_veg]" time="0.002"><skipped type="pytest.skip" message="no diet exclusion asserted for this persona">/home/ankit_mittal_mds02/foofoo-v3/ops/quality/suites/test_recommendation_behavior.py:97: no diet exclusion asserted for this persona</skipped></testcase><testcase classname="ops.quality.suites.test_recommendation_behavior" name="test_persona_diet_exclusion[allergy_dairy_veg]" time="0.037" /><testcase classname="ops.quality.suites.test_recommendation_behavior" name="test_persona_diet_exclusion[allergy_dairy_non_veg]" time="0.001"><skipped type="pytest.skip" message="no diet exclusion asserted for this persona">/home/ankit_mittal_mds02/foofoo-v3/ops/quality/suites/test_recommendation_behavior.py:97: no diet exclusion asserted for this persona</skipped></testcase><testcase classname="ops.quality.suites.test_recommendation_behavior" name="test_persona_diet_exclusion[allergy_gluten_veg]" time="0.050" /><testcase classname="ops.quality.suites.test_recommendation_behavior" name="test_persona_diet_exclusion[allergy_gluten_non_veg]" time="0.001"><skipped type="pytest.skip" message="no diet exclusion asserted for this persona">/home/ankit_mittal_mds02/foofoo-v3/ops/quality/suites/test_recommendation_behavior.py:97: no diet exclusion asserted for this persona</skipped></testcase><testcase classname="ops.quality.suites.test_recommendation_behavior" name="test_persona_diet_exclusion[allergy_shellfish_veg]" time="0.057" /><testcase classname="ops.quality.suites.test_recommendation_behavior" name="test_persona_diet_exclusion[allergy_shellfish_non_veg]" time="0.001"><skipped type="pytest.skip" message="no diet exclusion asserted for this persona">/home/ankit_mittal_mds02/foofoo-v3/ops/quality/suites/test_recommendation_behavior.py:97: no diet exclusion asserted for this persona</skipped></testcase><testcase classname="ops.quality.suites.test_recommendation_behavior" name="test_persona_diet_exclusion[allergy_egg_allergen_veg]" time="0.056" /><testcase classname="ops.quality.suites.test_recommendation_behavior" name="test_persona_diet_exclusion[allergy_egg_allergen_non_veg]" time="0.001"><skipped type="pytest.skip" message="no diet exclusion asserted for this persona">/home/ankit_mittal_mds02/foofoo-v3/ops/quality/suites/test_recommendation_behavior.py:97: no diet exclusion asserted for this persona</skipped></testcase><testcase classname="ops.quality.suites.test_recommendation_behavior" name="test_persona_diet_exclusion[allergy_soy_veg]" time="0.054" /><testcase classname="ops.quality.suites.test_recommendation_behavior" name="test_persona_diet_exclusion[allergy_soy_non_veg]" time="0.001"><skipped type="pytest.skip" message="no diet exclusion asserted for this persona">/home/ankit_mittal_mds02/foofoo-v3/ops/quality/suites/test_recommendation_behavior.py:97: no diet exclusion asserted for this persona</skipped></testcase><testcase classname="ops.quality.suites.test_recommendation_behavior" name="test_persona_diet_exclusion[allergy_sesame_veg]" time="0.072" /><testcase classname="ops.quality.suites.test_recommendation_behavior" name="test_persona_diet_exclusion[allergy_sesame_non_veg]" time="0.002"><skipped type="pytest.skip" message="no diet exclusion asserted for this persona">/home/ankit_mittal_mds02/foofoo-v3/ops/quality/suites/test_recommendation_behavior.py:97: no diet exclusion asserted for this persona</skipped></testcase><testcase classname="ops.quality.suites.test_recommendation_behavior" name="test_persona_diet_exclusion[region_rajasthan]" time="0.060" /><testcase classname="ops.quality.suites.test_recommendation_behavior" name="test_persona_diet_exclusion[region_kerala]" time="0.001"><skipped type="pytest.skip" message="no diet exclusion asserted for this persona">/home/ankit_mittal_mds02/foofoo-v3/ops/quality/suites/test_recommendation_behavior.py:97: no diet exclusion asserted for this persona</skipped></testcase><testcase classname="ops.quality.suites.test_recommendation_behavior" name="test_persona_diet_exclusion[region_telangana]" time="0.056" /><testcase classname="ops.quality.suites.test_recommendation_behavior" name="test_persona_diet_exclusion[region_odisha]" time="0.002"><skipped type="pytest.skip" message="no diet exclusion asserted for this persona">/home/ankit_mittal_mds02/foofoo-v3/ops/quality/suites/test_recommendation_behavior.py:97: no diet exclusion asserted for this persona</skipped></testcase><testcase classname="ops.quality.suites.test_recommendation_behavior" name="test_persona_diet_exclusion[region_assam]" time="0.065" /><testcase classname="ops.quality.suites.test_recommendation_behavior" name="test_persona_diet_exclusion[region_haryana]" time="0.001"><skipped type="pytest.skip" message="no diet exclusion asserted for this persona">/home/ankit_mittal_mds02/foofoo-v3/ops/quality/suites/test_recommendation_behavior.py:97: no diet exclusion asserted for this persona</skipped></testcase><testcase classname="ops.quality.suites.test_recommendation_behavior" name="test_persona_diet_exclusion[region_madhya_pradesh]" time="0.057" /><testcase classname="ops.quality.suites.test_recommendation_behavior" name="test_persona_diet_exclusion[region_jharkhand]" time="0.002"><skipped type="pytest.skip" message="no diet exclusion asserted for this persona">/home/ankit_mittal_mds02/foofoo-v3/ops/quality/suites/test_recommendation_behavior.py:97: no diet exclusion asserted for this persona</skipped></testcase><testcase classname="ops.quality.suites.test_recommendation_behavior" name="test_persona_diet_exclusion[large_joint_family_veg]" time="0.058" /><testcase classname="ops.quality.suites.test_recommendation_behavior" name="test_persona_diet_exclusion[large_joint_family_non_veg]" time="0.001"><skipped type="pytest.skip" message="no diet exclusion asserted for this persona">/home/ankit_mittal_mds02/foofoo-v3/ops/quality/suites/test_recommendation_behavior.py:97: no diet exclusion asserted for this persona</skipped></testcase><testcase classname="ops.quality.suites.test_recommendation_behavior" name="test_persona_diet_exclusion[solo_elder_veg]" time="0.068" /><testcase classname="ops.quality.suites.test_recommendation_behavior" name="test_persona_diet_exclusion[solo_elder_non_veg]" time="0.001"><skipped type="pytest.skip" message="no diet exclusion asserted for this persona">/home/ankit_mittal_mds02/foofoo-v3/ops/quality/suites/test_recommendation_behavior.py:97: no diet exclusion asserted for this persona</skipped></testcase><testcase classname="ops.quality.suites.test_recommendation_behavior" name="test_persona_diet_exclusion[multi_allergy_0]" time="0.033" /><testcase classname="ops.quality.suites.test_recommendation_behavior" name="test_persona_diet_exclusion[multi_allergy_1]" time="0.001"><skipped type="pytest.skip" message="no diet exclusion asserted for this persona">/home/ankit_mittal_mds02/foofoo-v3/ops/quality/suites/test_recommendation_behavior.py:97: no diet exclusion asserted for this persona</skipped></testcase><testcase classname="ops.quality.suites.test_recommendation_behavior" name="test_persona_diet_exclusion[fasting_ramzan_derived]" time="0.001"><skipped type="pytest.skip" message="no diet exclusion asserted for this persona">/home/ankit_mittal_mds02/foofoo-v3/ops/quality/suites/test_recommendation_behavior.py:97: no diet exclusion asserted for this persona</skipped></testcase><testcase classname="ops.quality.suites.test_recommendation_behavior" name="test_persona_diet_exclusion[fasting_ekadashi_jain_derived]" time="0.021" /><testcase classname="ops.quality.suites.test_recommendation_behavior" name="test_persona_diet_exclusion[jain_dairy_allergy_derived]" time="0.021" /><testcase classname="ops.quality.suites.test_recommendation_behavior" name="test_persona_diet_exclusion[egg_diet_egg_allergy_derived]" time="0.001"><skipped type="pytest.skip" message="no diet exclusion asserted for this persona">/home/ankit_mittal_mds02/foofoo-v3/ops/quality/suites/test_recommendation_behavior.py:97: no diet exclusion asserted for this persona</skipped></testcase><testcase classname="ops.quality.suites.test_recommendation_behavior" name="test_persona_diet_exclusion[huge_household_derived]" time="0.110" /><testcase classname="ops.quality.suites.test_recommendation_behavior" name="test_persona_diet_exclusion[zero_professionals_derived]" time="0.064" /><testcase classname="ops.quality.suites.test_recommendation_behavior" name="test_persona_diet_exclusion[centenarian_derived]" time="0.110" /><testcase classname="ops.quality.suites.test_recommendation_behavior" name="test_persona_diet_exclusion[daily_eat_out_derived]" time="0.002"><skipped type="pytest.skip" message="no diet exclusion asserted for this persona">/home/ankit_mittal_mds02/foofoo-v3/ops/quality/suites/test_recommendation_behavior.py:97: no diet exclusion asserted for this persona</skipped></testcase><testcase classname="ops.quality.suites.test_recommendation_behavior" name="test_persona_diet_exclusion[five_children_derived]" time="0.039" /><testcase classname="ops.quality.suites.test_recommendation_behavior" name="test_persona_diet_exclusion[duplicate_allergy_entries_derived]" time="0.053" /><testcase classname="ops.quality.suites.test_recommendation_behavior" name="test_persona_diet_exclusion[objective_awesome_taste_derived]" time="0.064" /><testcase classname="ops.quality.suites.test_recommendation_behavior" name="test_persona_diet_exclusion[objective_healthy_living_derived]" time="0.075" /><testcase classname="ops.quality.suites.test_recommendation_behavior" name="test_persona_diet_exclusion[objective_into_fitness_derived]" time="0.056" /><testcase classname="ops.quality.suites.test_recommendation_behavior" name="test_persona_diet_exclusion[objective_protein_calculator_derived]" time="0.061" /><testcase classname="ops.quality.suites.test_recommendation_behavior" name="test_persona_allergen_exclusion[nut_allergy_derived]" time="0.058" /><testcase classname="ops.quality.suites.test_recommendation_behavior" name="test_persona_allergen_exclusion[allergy_peanuts_veg]" time="0.058" /><testcase classname="ops.quality.suites.test_recommendation_behavior" name="test_persona_allergen_exclusion[allergy_peanuts_non_veg]" time="0.143" /><testcase classname="ops.quality.suites.test_recommendation_behavior" name="test_persona_allergen_exclusion[allergy_dairy_veg]" time="0.292" /><testcase classname="ops.quality.suites.test_recommendation_behavior" name="test_persona_allergen_exclusion[allergy_dairy_non_veg]" time="0.135" /><testcase classname="ops.quality.suites.test_recommendation_behavior" name="test_persona_allergen_exclusion[allergy_gluten_veg]" time="0.066" /><testcase classname="ops.quality.suites.test_recommendation_behavior" name="test_persona_allergen_exclusion[allergy_gluten_non_veg]" time="0.078" /><testcase classname="ops.quality.suites.test_recommendation_behavior" name="test_persona_allergen_exclusion[allergy_shellfish_veg]" time="0.066" /><testcase classname="ops.quality.suites.test_recommendation_behavior" name="test_persona_allergen_exclusion[allergy_shellfish_non_veg]" time="0.084" /><testcase classname="ops.quality.suites.test_recommendation_behavior" name="test_persona_allergen_exclusion[allergy_egg_allergen_veg]" time="0.060" /><testcase classname="ops.quality.suites.test_recommendation_behavior" name="test_persona_allergen_exclusion[allergy_egg_allergen_non_veg]" time="0.098" /><testcase classname="ops.quality.suites.test_recommendation_behavior" name="test_persona_allergen_exclusion[allergy_soy_veg]" time="0.091" /><testcase classname="ops.quality.suites.test_recommendation_behavior" name="test_persona_allergen_exclusion[allergy_soy_non_veg]" time="0.113" /><testcase classname="ops.quality.suites.test_recommendation_behavior" name="test_persona_allergen_exclusion[allergy_sesame_veg]" time="0.061" /><testcase classname="ops.quality.suites.test_recommendation_behavior" name="test_persona_allergen_exclusion[allergy_sesame_non_veg]" time="0.089" /><testcase classname="ops.quality.suites.test_recommendation_behavior" name="test_persona_allergen_exclusion[multi_allergy_0]" time="0.033" /><testcase classname="ops.quality.suites.test_recommendation_behavior" name="test_persona_allergen_exclusion[multi_allergy_1]" time="0.073" /><testcase classname="ops.quality.suites.test_recommendation_behavior" name="test_persona_allergen_exclusion[jain_dairy_allergy_derived]" time="0.024" /><testcase classname="ops.quality.suites.test_recommendation_behavior" name="test_persona_allergen_exclusion[egg_diet_egg_allergy_derived]" time="0.053" /><testcase classname="ops.quality.suites.test_recommendation_behavior" name="test_persona_allergen_exclusion[duplicate_allergy_entries_derived]" time="0.056" /><testcase classname="ops.quality.suites.test_recommendation_behavior" name="test_persona_plate_count[single_professional_blr]" time="0.079" /><testcase classname="ops.quality.suites.test_recommendation_behavior" name="test_persona_plate_count[joint_family_elders_delhi]" time="0.070" /><testcase classname="ops.quality.suites.test_recommendation_behavior" name="test_persona_plate_count[jain_couple_ahmedabad]" time="0.024" /><testcase classname="ops.quality.suites.test_recommendation_behavior" name="test_persona_plate_count[couple_toddler_pune]" time="0.034" /><testcase classname="ops.quality.suites.test_recommendation_behavior" name="test_persona_plate_count[couple_delhi_north]" time="0.052" /><testcase classname="ops.quality.suites.test_recommendation_behavior" name="test_persona_plate_count[couple_mumbai_mh]" time="0.060" /><testcase classname="ops.quality.suites.test_recommendation_behavior" name="test_persona_plate_count[migrant_bihar_mumbai]" time="0.081" /><testcase classname="ops.quality.suites.test_recommendation_behavior" name="test_persona_plate_count[jain_strict_derived]" time="0.020" /><testcase classname="ops.quality.suites.test_recommendation_behavior" name="test_persona_plate_count[nut_allergy_derived]" time="0.063" /><testcase classname="ops.quality.suites.test_recommendation_behavior" name="test_persona_plate_count[diabetic_senior_derived]" time="0.054" /><testcase classname="ops.quality.suites.test_recommendation_behavior" name="test_persona_plate_count[infant_household_derived]" time="0.040" /><testcase classname="ops.quality.suites.test_recommendation_behavior" name="test_persona_plate_count[real_p01]" time="0.067" /><testcase classname="ops.quality.suites.test_recommendation_behavior" name="test_persona_plate_count[real_p02]" time="0.088" /><testcase classname="ops.quality.suites.test_recommendation_behavior" name="test_persona_plate_count[real_p03]" time="0.053" /><testcase classname="ops.quality.suites.test_recommendation_behavior" name="test_persona_plate_count[real_p04]" time="0.059" /><testcase classname="ops.quality.suites.test_recommendation_behavior" name="test_persona_plate_count[real_p05]" time="0.059" /><testcase classname="ops.quality.suites.test_recommendation_behavior" name="test_persona_plate_count[real_p06]" time="0.080" /><testcase classname="ops.quality.suites.test_recommendation_behavior" name="test_persona_plate_count[real_p07]" time="0.051" /><testcase classname="ops.quality.suites.test_recommendation_behavior" name="test_persona_plate_count[real_p08]" time="0.033" /><testcase classname="ops.quality.suites.test_recommendation_behavior" name="test_persona_plate_count[real_p09]" time="0.044" /><testcase classname="ops.quality.suites.test_recommendation_behavior" name="test_persona_plate_count[real_p10]" time="0.065" /><testcase classname="ops.quality.suites.test_recommendation_behavior" name="test_persona_plate_count[real_p11]" time="0.093" /><testcase classname="ops.quality.suites.test_recommendation_behavior" name="test_persona_plate_count[real_p12]" time="0.105" /><testcase classname="ops.quality.suites.test_recommendation_behavior" name="test_persona_plate_count[real_p13]" time="0.066" /><testcase classname="ops.quality.suites.test_recommendation_behavior" name="test_persona_plate_count[real_p14]" time="0.156" /><testcase classname="ops.quality.suites.test_recommendation_behavior" name="test_persona_plate_count[real_p15]" time="0.141" /><testcase classname="ops.quality.suites.test_recommendation_behavior" name="test_persona_plate_count[real_p16]" time="0.144" /><testcase classname="ops.quality.suites.test_recommendation_behavior" name="test_persona_plate_count[real_p17]" time="0.106" /><testcase classname="ops.quality.suites.test_recommendation_behavior" name="test_persona_plate_count[real_p18]" time="0.152" /><testcase classname="ops.quality.suites.test_recommendation_behavior" name="test_persona_plate_count[real_p19]" time="0.238" /><testcase classname="ops.quality.suites.test_recommendation_behavior" name="test_persona_plate_count[real_p20]" time="0.255" /><testcase classname="ops.quality.suites.test_recommendation_behavior" name="test_persona_plate_count[real_p21]" time="0.318" /><testcase classname="ops.quality.suites.test_recommendation_behavior" name="test_persona_plate_count[real_p22]" time="0.149" /><testcase classname="ops.quality.suites.test_recommendation_behavior" name="test_persona_plate_count[real_p23]" time="0.224" /><testcase classname="ops.quality.suites.test_recommendation_behavior" name="test_persona_plate_count[real_p24]" time="0.238" /><testcase classname="ops.quality.suites.test_recommendation_behavior" name="test_persona_plate_count[real_p25]" time="0.096" /><testcase classname="ops.quality.suites.test_recommendation_behavior" name="test_persona_plate_count[real_p26]" time="0.112" /><testcase classname="ops.quality.suites.test_recommendation_behavior" name="test_persona_plate_count[real_p27]" time="0.117" /><testcase classname="ops.quality.suites.test_recommendation_behavior" name="test_persona_plate_count[real_p28]" time="0.124" /><testcase classname="ops.quality.suites.test_recommendation_behavior" name="test_persona_plate_count[real_p29]" time="0.141" /><testcase classname="ops.quality.suites.test_recommendation_behavior" name="test_persona_plate_count[real_p30]" time="0.194" /><testcase classname="ops.quality.suites.test_recommendation_behavior" name="test_persona_plate_count[real_p31]" time="0.169" /><testcase classname="ops.quality.suites.test_recommendation_behavior" name="test_persona_plate_count[real_p32]" time="0.354" /><testcase classname="ops.quality.suites.test_recommendation_behavior" name="test_persona_plate_count[real_p33]" time="0.178" /><testcase classname="ops.quality.suites.test_recommendation_behavior" name="test_persona_plate_count[real_p34]" time="0.287" /><testcase classname="ops.quality.suites.test_recommendation_behavior" name="test_persona_plate_count[real_p35]" time="0.404" /><testcase classname="ops.quality.suites.test_recommendation_behavior" name="test_persona_plate_count[real_p36]" time="0.315" /><testcase classname="ops.quality.suites.test_recommendation_behavior" name="test_persona_plate_count[real_p37]" time="0.197" /><testcase classname="ops.quality.suites.test_recommendation_behavior" name="test_persona_plate_count[real_p38]" time="0.107" /><testcase classname="ops.quality.suites.test_recommendation_behavior" name="test_persona_plate_count[real_p39]" time="0.134" /><testcase classname="ops.quality.suites.test_recommendation_behavior" name="test_persona_plate_count[real_p40]" time="0.174" /><testcase classname="ops.quality.suites.test_recommendation_behavior" name="test_persona_plate_count[real_p41]" time="0.138" /><testcase classname="ops.quality.suites.test_recommendation_behavior" name="test_persona_plate_count[allergy_peanuts_veg]" time="0.107" /><testcase classname="ops.quality.suites.test_recommendation_behavior" name="test_persona_plate_count[allergy_peanuts_non_veg]" time="0.240" /><testcase classname="ops.quality.suites.test_recommendation_behavior" name="test_persona_plate_count[allergy_dairy_veg]" time="0.081" /><testcase classname="ops.quality.suites.test_recommendation_behavior" name="test_persona_plate_count[allergy_dairy_non_veg]" time="0.141" /><testcase classname="ops.quality.suites.test_recommendation_behavior" name="test_persona_plate_count[allergy_gluten_veg]" time="0.175" /><testcase classname="ops.quality.suites.test_recommendation_behavior" name="test_persona_plate_count[allergy_gluten_non_veg]" time="0.295" /><testcase classname="ops.quality.suites.test_recommendation_behavior" name="test_persona_plate_count[allergy_shellfish_veg]" time="0.184" /><testcase classname="ops.quality.suites.test_recommendation_behavior" name="test_persona_plate_count[allergy_shellfish_non_veg]" time="0.276" /><testcase classname="ops.quality.suites.test_recommendation_behavior" name="test_persona_plate_count[allergy_egg_allergen_veg]" time="0.191" /><testcase classname="ops.quality.suites.test_recommendation_behavior" name="test_persona_plate_count[allergy_egg_allergen_non_veg]" time="0.322" /><testcase classname="ops.quality.suites.test_recommendation_behavior" name="test_persona_plate_count[allergy_soy_veg]" time="0.173" /><testcase classname="ops.quality.suites.test_recommendation_behavior" name="test_persona_plate_count[allergy_soy_non_veg]" time="0.263" /><testcase classname="ops.quality.suites.test_recommendation_behavior" name="test_persona_plate_count[allergy_sesame_veg]" time="0.128" /><testcase classname="ops.quality.suites.test_recommendation_behavior" name="test_persona_plate_count[allergy_sesame_non_veg]" time="0.133" /><testcase classname="ops.quality.suites.test_recommendation_behavior" name="test_persona_plate_count[region_rajasthan]" time="0.095" /><testcase classname="ops.quality.suites.test_recommendation_behavior" name="test_persona_plate_count[region_kerala]" time="0.142" /><testcase classname="ops.quality.suites.test_recommendation_behavior" name="test_persona_plate_count[region_telangana]" time="0.091" /><testcase classname="ops.quality.suites.test_recommendation_behavior" name="test_persona_plate_count[region_odisha]" time="0.147" /><testcase classname="ops.quality.suites.test_recommendation_behavior" name="test_persona_plate_count[region_assam]" time="0.134" /><testcase classname="ops.quality.suites.test_recommendation_behavior" name="test_persona_plate_count[region_haryana]" time="0.174" /><testcase classname="ops.quality.suites.test_recommendation_behavior" name="test_persona_plate_count[region_madhya_pradesh]" time="0.108" /><testcase classname="ops.quality.suites.test_recommendation_behavior" name="test_persona_plate_count[region_jharkhand]" time="0.342" /><testcase classname="ops.quality.suites.test_recommendation_behavior" name="test_persona_plate_count[large_joint_family_veg]" time="0.198" /><testcase classname="ops.quality.suites.test_recommendation_behavior" name="test_persona_plate_count[large_joint_family_non_veg]" time="0.347" /><testcase classname="ops.quality.suites.test_recommendation_behavior" name="test_persona_plate_count[solo_elder_veg]" time="0.135" /><testcase classname="ops.quality.suites.test_recommendation_behavior" name="test_persona_plate_count[solo_elder_non_veg]" time="0.455" /><testcase classname="ops.quality.suites.test_recommendation_behavior" name="test_persona_plate_count[multi_allergy_0]" time="0.096" /><testcase classname="ops.quality.suites.test_recommendation_behavior" name="test_persona_plate_count[multi_allergy_1]" time="0.161" /><testcase classname="ops.quality.suites.test_recommendation_behavior" name="test_persona_plate_count[zero_professionals_derived]" time="0.106" /><testcase classname="ops.quality.suites.test_recommendation_behavior" name="test_persona_plate_count[centenarian_derived]" time="0.229" /><testcase classname="ops.quality.suites.test_recommendation_behavior" name="test_persona_plate_count[daily_eat_out_derived]" time="0.369" /><testcase classname="ops.quality.suites.test_recommendation_behavior" name="test_persona_plate_count[five_children_derived]" time="0.102" /><testcase classname="ops.quality.suites.test_recommendation_behavior" name="test_persona_plate_count[duplicate_allergy_entries_derived]" time="0.122" /><testcase classname="ops.quality.suites.test_recommendation_behavior" name="test_persona_plate_count[objective_awesome_taste_derived]" time="0.186" /><testcase classname="ops.quality.suites.test_recommendation_behavior" name="test_persona_plate_count[objective_healthy_living_derived]" time="0.209" /><testcase classname="ops.quality.suites.test_recommendation_behavior" name="test_persona_plate_count[objective_into_fitness_derived]" time="0.113" /><testcase classname="ops.quality.suites.test_recommendation_behavior" name="test_persona_plate_count[objective_protein_calculator_derived]" time="0.095" /><testcase classname="ops.quality.suites.test_recommendation_behavior" name="test_persona_diversity_and_ordering[single_professional_blr]" time="0.171" /><testcase classname="ops.quality.suites.test_recommendation_behavior" name="test_persona_diversity_and_ordering[joint_family_elders_delhi]" time="0.102" /><testcase classname="ops.quality.suites.test_recommendation_behavior" name="test_persona_diversity_and_ordering[jain_couple_ahmedabad]" time="0.034" /><testcase classname="ops.quality.suites.test_recommendation_behavior" name="test_persona_diversity_and_ordering[couple_toddler_pune]" time="0.057" /><testcase classname="ops.quality.suites.test_recommendation_behavior" name="test_persona_diversity_and_ordering[couple_delhi_north]" time="0.146" /><testcase classname="ops.quality.suites.test_recommendation_behavior" name="test_persona_diversity_and_ordering[couple_mumbai_mh]" time="0.223" /><testcase classname="ops.quality.suites.test_recommendation_behavior" name="test_persona_diversity_and_ordering[migrant_bihar_mumbai]" time="0.168" /><testcase classname="ops.quality.suites.test_recommendation_behavior" name="test_persona_diversity_and_ordering[jain_strict_derived]" time="0.045" /><testcase classname="ops.quality.suites.test_recommendation_behavior" name="test_persona_diversity_and_ordering[nut_allergy_derived]" time="0.093" /><testcase classname="ops.quality.suites.test_recommendation_behavior" name="test_persona_diversity_and_ordering[fasting_navratri_derived]" time="0.108" /><testcase classname="ops.quality.suites.test_recommendation_behavior" name="test_persona_diversity_and_ordering[diabetic_senior_derived]" time="0.097" /><testcase classname="ops.quality.suites.test_recommendation_behavior" name="test_persona_diversity_and_ordering[infant_household_derived]" time="0.083" /><testcase classname="ops.quality.suites.test_recommendation_behavior" name="test_persona_diversity_and_ordering[impossible_combo_derived]" time="0.047" /><testcase classname="ops.quality.suites.test_recommendation_behavior" name="test_persona_diversity_and_ordering[real_p01]" time="0.099" /><testcase classname="ops.quality.suites.test_recommendation_behavior" name="test_persona_diversity_and_ordering[real_p02]" time="0.176" /><testcase classname="ops.quality.suites.test_recommendation_behavior" name="test_persona_diversity_and_ordering[real_p03]" time="0.240" /><testcase classname="ops.quality.suites.test_recommendation_behavior" name="test_persona_diversity_and_ordering[real_p04]" time="0.150" /><testcase classname="ops.quality.suites.test_recommendation_behavior" name="test_persona_diversity_and_ordering[real_p05]" time="0.127" /><testcase classname="ops.quality.suites.test_recommendation_behavior" name="test_persona_diversity_and_ordering[real_p06]" time="0.124" /><testcase classname="ops.quality.suites.test_recommendation_behavior" name="test_persona_diversity_and_ordering[real_p07]" time="0.192" /><testcase classname="ops.quality.suites.test_recommendation_behavior" name="test_persona_diversity_and_ordering[real_p08]" time="0.114" /><testcase classname="ops.quality.suites.test_recommendation_behavior" name="test_persona_diversity_and_ordering[real_p09]" time="0.130" /><testcase classname="ops.quality.suites.test_recommendation_behavior" name="test_persona_diversity_and_ordering[real_p10]" time="0.108" /><testcase classname="ops.quality.suites.test_recommendation_behavior" name="test_persona_diversity_and_ordering[real_p11]" time="0.142" /><testcase classname="ops.quality.suites.test_recommendation_behavior" name="test_persona_diversity_and_ordering[real_p12]" time="0.112" /><testcase classname="ops.quality.suites.test_recommendation_behavior" name="test_persona_diversity_and_ordering[real_p13]" time="0.102" /><testcase classname="ops.quality.suites.test_recommendation_behavior" name="test_persona_diversity_and_ordering[real_p14]" time="0.127" /><testcase classname="ops.quality.suites.test_recommendation_behavior" name="test_persona_diversity_and_ordering[real_p15]" time="0.103" /><testcase classname="ops.quality.suites.test_recommendation_behavior" name="test_persona_diversity_and_ordering[real_p16]" time="0.117" /><testcase classname="ops.quality.suites.test_recommendation_behavior" name="test_persona_diversity_and_ordering[real_p17]" time="0.100" /><testcase classname="ops.quality.suites.test_recommendation_behavior" name="test_persona_diversity_and_ordering[real_p18]" time="0.160" /><testcase classname="ops.quality.suites.test_recommendation_behavior" name="test_persona_diversity_and_ordering[real_p19]" time="0.151" /><testcase classname="ops.quality.suites.test_recommendation_behavior" name="test_persona_diversity_and_ordering[real_p20]" time="0.047" /><testcase classname="ops.quality.suites.test_recommendation_behavior" name="test_persona_diversity_and_ordering[real_p21]" time="0.116" /><testcase classname="ops.quality.suites.test_recommendation_behavior" name="test_persona_diversity_and_ordering[real_p22]" time="0.107" /><testcase classname="ops.quality.suites.test_recommendation_behavior" name="test_persona_diversity_and_ordering[real_p23]" time="0.129" /><testcase classname="ops.quality.suites.test_recommendation_behavior" name="test_persona_diversity_and_ordering[real_p24]" time="0.094" /><testcase classname="ops.quality.suites.test_recommendation_behavior" name="test_persona_diversity_and_ordering[real_p25]" time="0.100" /><testcase classname="ops.quality.suites.test_recommendation_behavior" name="test_persona_diversity_and_ordering[real_p26]" time="0.102" /><testcase classname="ops.quality.suites.test_recommendation_behavior" name="test_persona_diversity_and_ordering[real_p27]" time="0.102" /><testcase classname="ops.quality.suites.test_recommendation_behavior" name="test_persona_diversity_and_ordering[real_p28]" time="0.142" /><testcase classname="ops.quality.suites.test_recommendation_behavior" name="test_persona_diversity_and_ordering[real_p29]" time="0.114" /><testcase classname="ops.quality.suites.test_recommendation_behavior" name="test_persona_diversity_and_ordering[real_p30]" time="0.170" /><testcase classname="ops.quality.suites.test_recommendation_behavior" name="test_persona_diversity_and_ordering[real_p31]" time="0.112" /><testcase classname="ops.quality.suites.test_recommendation_behavior" name="test_persona_diversity_and_ordering[real_p32]" time="0.175" /><testcase classname="ops.quality.suites.test_recommendation_behavior" name="test_persona_diversity_and_ordering[real_p33]" time="0.183" /><testcase classname="ops.quality.suites.test_recommendation_behavior" name="test_persona_diversity_and_ordering[real_p34]" time="0.087" /><testcase classname="ops.quality.suites.test_recommendation_behavior" name="test_persona_diversity_and_ordering[real_p35]" time="0.103" /><testcase classname="ops.quality.suites.test_recommendation_behavior" name="test_persona_diversity_and_ordering[real_p36]" time="0.100" /><testcase classname="ops.quality.suites.test_recommendation_behavior" name="test_persona_diversity_and_ordering[real_p37]" time="0.102" /><testcase classname="ops.quality.suites.test_recommendation_behavior" name="test_persona_diversity_and_ordering[real_p38]" time="0.113" /><testcase classname="ops.quality.suites.test_recommendation_behavior" name="test_persona_diversity_and_ordering[real_p39]" time="0.088" /><testcase classname="ops.quality.suites.test_recommendation_behavior" name="test_persona_diversity_and_ordering[real_p40]" time="0.214" /><testcase classname="ops.quality.suites.test_recommendation_behavior" name="test_persona_diversity_and_ordering[real_p41]" time="0.142" /><testcase classname="ops.quality.suites.test_recommendation_behavior" name="test_persona_diversity_and_ordering[allergy_peanuts_veg]" time="0.284" /><testcase classname="ops.quality.suites.test_recommendation_behavior" name="test_persona_diversity_and_ordering[allergy_peanuts_non_veg]" time="0.216" /><testcase classname="ops.quality.suites.test_recommendation_behavior" name="test_persona_diversity_and_ordering[allergy_dairy_veg]" time="0.086" /><testcase classname="ops.quality.suites.test_recommendation_behavior" name="test_persona_diversity_and_ordering[allergy_dairy_non_veg]" time="0.145" /><testcase classname="ops.quality.suites.test_recommendation_behavior" name="test_persona_diversity_and_ordering[allergy_gluten_veg]" time="0.138" /><testcase classname="ops.quality.suites.test_recommendation_behavior" name="test_persona_diversity_and_ordering[allergy_gluten_non_veg]" time="0.133" /><testcase classname="ops.quality.suites.test_recommendation_behavior" name="test_persona_diversity_and_ordering[allergy_shellfish_veg]" time="0.203" /><testcase classname="ops.quality.suites.test_recommendation_behavior" name="test_persona_diversity_and_ordering[allergy_shellfish_non_veg]" time="0.164" /><testcase classname="ops.quality.suites.test_recommendation_behavior" name="test_persona_diversity_and_ordering[allergy_egg_allergen_veg]" time="0.087" /><testcase classname="ops.quality.suites.test_recommendation_behavior" name="test_persona_diversity_and_ordering[allergy_egg_allergen_non_veg]" time="0.131" /><testcase classname="ops.quality.suites.test_recommendation_behavior" name="test_persona_diversity_and_ordering[allergy_soy_veg]" time="0.110" /><testcase classname="ops.quality.suites.test_recommendation_behavior" name="test_persona_diversity_and_ordering[allergy_soy_non_veg]" time="0.157" /><testcase classname="ops.quality.suites.test_recommendation_behavior" name="test_persona_diversity_and_ordering[allergy_sesame_veg]" time="0.361" /><testcase classname="ops.quality.suites.test_recommendation_behavior" name="test_persona_diversity_and_ordering[allergy_sesame_non_veg]" time="0.376" /><testcase classname="ops.quality.suites.test_recommendation_behavior" name="test_persona_diversity_and_ordering[region_rajasthan]" time="0.185" /><testcase classname="ops.quality.suites.test_recommendation_behavior" name="test_persona_diversity_and_ordering[region_kerala]" time="0.206" /><testcase classname="ops.quality.suites.test_recommendation_behavior" name="test_persona_diversity_and_ordering[region_telangana]" time="0.134" /><testcase classname="ops.quality.suites.test_recommendation_behavior" name="test_persona_diversity_and_ordering[region_odisha]" time="0.165" /><testcase classname="ops.quality.suites.test_recommendation_behavior" name="test_persona_diversity_and_ordering[region_assam]" time="0.102" /><testcase classname="ops.quality.suites.test_recommendation_behavior" name="test_persona_diversity_and_ordering[region_haryana]" time="0.360" /><testcase classname="ops.quality.suites.test_recommendation_behavior" name="test_persona_diversity_and_ordering[region_madhya_pradesh]" time="0.106" /><testcase classname="ops.quality.suites.test_recommendation_behavior" name="test_persona_diversity_and_ordering[region_jharkhand]" time="0.151" /><testcase classname="ops.quality.suites.test_recommendation_behavior" name="test_persona_diversity_and_ordering[large_joint_family_veg]" time="0.095" /><testcase classname="ops.quality.suites.test_recommendation_behavior" name="test_persona_diversity_and_ordering[large_joint_family_non_veg]" time="0.283" /><testcase classname="ops.quality.suites.test_recommendation_behavior" name="test_persona_diversity_and_ordering[solo_elder_veg]" time="0.159" /><testcase classname="ops.quality.suites.test_recommendation_behavior" name="test_persona_diversity_and_ordering[solo_elder_non_veg]" time="0.579" /><testcase classname="ops.quality.suites.test_recommendation_behavior" name="test_persona_diversity_and_ordering[multi_allergy_0]" time="0.192" /><testcase classname="ops.quality.suites.test_recommendation_behavior" name="test_persona_diversity_and_ordering[multi_allergy_1]" time="0.146" /><testcase classname="ops.quality.suites.test_recommendation_behavior" name="test_persona_diversity_and_ordering[fasting_ramzan_derived]" time="0.196" /><testcase classname="ops.quality.suites.test_recommendation_behavior" name="test_persona_diversity_and_ordering[fasting_ekadashi_jain_derived]" time="0.075" /><testcase classname="ops.quality.suites.test_recommendation_behavior" name="test_persona_diversity_and_ordering[jain_dairy_allergy_derived]" time="0.066" /><testcase classname="ops.quality.suites.test_recommendation_behavior" name="test_persona_diversity_and_ordering[egg_diet_egg_allergy_derived]" time="0.222" /><testcase classname="ops.quality.suites.test_recommendation_behavior" name="test_persona_diversity_and_ordering[huge_household_derived]" time="0.204" /><testcase classname="ops.quality.suites.test_recommendation_behavior" name="test_persona_diversity_and_ordering[zero_professionals_derived]" time="0.178" /><testcase classname="ops.quality.suites.test_recommendation_behavior" name="test_persona_diversity_and_ordering[centenarian_derived]" time="0.237" /><testcase classname="ops.quality.suites.test_recommendation_behavior" name="test_persona_diversity_and_ordering[daily_eat_out_derived]" time="0.316" /><testcase classname="ops.quality.suites.test_recommendation_behavior" name="test_persona_diversity_and_ordering[five_children_derived]" time="0.192" /><testcase classname="ops.quality.suites.test_recommendation_behavior" name="test_persona_diversity_and_ordering[duplicate_allergy_entries_derived]" time="0.411" /><testcase classname="ops.quality.suites.test_recommendation_behavior" name="test_persona_diversity_and_ordering[objective_awesome_taste_derived]" time="0.194" /><testcase classname="ops.quality.suites.test_recommendation_behavior" name="test_persona_diversity_and_ordering[objective_healthy_living_derived]" time="0.169" /><testcase classname="ops.quality.suites.test_recommendation_behavior" name="test_persona_diversity_and_ordering[objective_into_fitness_derived]" time="0.132" /><testcase classname="ops.quality.suites.test_recommendation_behavior" name="test_persona_diversity_and_ordering[objective_protein_calculator_derived]" time="0.193" /><testcase classname="ops.quality.suites.test_recommendation_behavior" name="test_persona_determinism[single_professional_blr]" time="0.382" /><testcase classname="ops.quality.suites.test_recommendation_behavior" name="test_persona_determinism[joint_family_elders_delhi]" time="0.311" /><testcase classname="ops.quality.suites.test_recommendation_behavior" name="test_persona_determinism[jain_couple_ahmedabad]" time="0.077"><failure message="AssertionError: jain_couple_ahmedabad: non-deterministic recommendations across calls&#10;assert [['md5:Sannas...heeyal'], ...] == [['md5:Sannas...heeyal'], ...]&#10;  &#10;  At index 6 diff: ['md5:Neer Dosa', 'md5:Mor Kuzhambu'] != ['md5:Idiyappam', 'md5:Mor Kuzhambu']&#10;  Use -v to get more diff">persona = Persona(key='jain_couple_ahmedabad', label='Jain couple, Ahmedabad', household={'label': 'Jain couple, Ahmedabad', 'q1...expect_plates=7, forbid_diet=('non_veg',), forbid_ingredients=(), expect_warnings=None, note='golden-sample household')
signed_post = &lt;function signed_post.&lt;locals&gt;._post at 0x7ab5321ba2a0&gt;

    @pytest.mark.parametrize("persona", [p for p in PERSONAS if p.expect_status == 200], ids=[
        p.key for p in PERSONAS if p.expect_status == 200])
    def test_persona_determinism(persona, signed_post):
        """The same request twice yields identical hero dishes (persistence/repeatability)."""
        body = {"household": persona.household, "context": persona.context}
        r1 = signed_post("/v1/recommendations", body)
        r2 = signed_post("/v1/recommendations", body)
        assert r1.status_code == 200 and r2.status_code == 200
        heroes1 = [p["hero_dish_ids"] for p in r1.json()["plates"]]
        heroes2 = [p["hero_dish_ids"] for p in r2.json()["plates"]]
&gt;       assert heroes1 == heroes2, f"{persona.key}: non-deterministic recommendations across calls"
E       AssertionError: jain_couple_ahmedabad: non-deterministic recommendations across calls
E       assert [['md5:Sannas...heeyal'], ...] == [['md5:Sannas...heeyal'], ...]
E         
E         At index 6 diff: ['md5:Neer Dosa', 'md5:Mor Kuzhambu'] != ['md5:Idiyappam', 'md5:Mor Kuzhambu']
E         Use -v to get more diff

ops/quality/suites/test_recommendation_behavior.py:154: AssertionError</failure></testcase><testcase classname="ops.quality.suites.test_recommendation_behavior" name="test_persona_determinism[couple_toddler_pune]" time="0.118" /><testcase classname="ops.quality.suites.test_recommendation_behavior" name="test_persona_determinism[couple_delhi_north]" time="0.204" /><testcase classname="ops.quality.suites.test_recommendation_behavior" name="test_persona_determinism[couple_mumbai_mh]" time="0.208" /><testcase classname="ops.quality.suites.test_recommendation_behavior" name="test_persona_determinism[migrant_bihar_mumbai]" time="0.445" /><testcase classname="ops.quality.suites.test_recommendation_behavior" name="test_persona_determinism[jain_strict_derived]" time="0.188" /><testcase classname="ops.quality.suites.test_recommendation_behavior" name="test_persona_determinism[nut_allergy_derived]" time="0.309" /><testcase classname="ops.quality.suites.test_recommendation_behavior" name="test_persona_determinism[fasting_navratri_derived]" time="0.289" /><testcase classname="ops.quality.suites.test_recommendation_behavior" name="test_persona_determinism[diabetic_senior_derived]" time="0.337" /><testcase classname="ops.quality.suites.test_recommendation_behavior" name="test_persona_determinism[infant_household_derived]" time="0.198" /><testcase classname="ops.quality.suites.test_recommendation_behavior" name="test_persona_determinism[impossible_combo_derived]" time="0.063" /><testcase classname="ops.quality.suites.test_recommendation_behavior" name="test_persona_determinism[real_p01]" time="0.184" /><testcase classname="ops.quality.suites.test_recommendation_behavior" name="test_persona_determinism[real_p02]" time="0.291" /><testcase classname="ops.quality.suites.test_recommendation_behavior" name="test_persona_determinism[real_p03]" time="0.370"><failure message="AssertionError: real_p03: non-deterministic recommendations across calls&#10;assert [['md5:Thoran...Sambar'], ...] == [['md5:Thoran...Sambar'], ...]&#10;  &#10;  At index 6 diff: ['md5:Appam', 'md5:Avial'] != ['md5:Keerai Masiyal', 'md5:Vengaya Sambar']&#10;  Use -v to get more diff">persona = Persona(key='real_p03', label='Working woman living alone', household={'q1_household_type': 'single', 'q2_working_prof...'non_veg',), forbid_ingredients=(), expect_warnings=None, note='derived from persona_master P03 (working_woman_alone)')
signed_post = &lt;function signed_post.&lt;locals&gt;._post at 0x7ab5321ba2a0&gt;

    @pytest.mark.parametrize("persona", [p for p in PERSONAS if p.expect_status == 200], ids=[
        p.key for p in PERSONAS if p.expect_status == 200])
    def test_persona_determinism(persona, signed_post):
        """The same request twice yields identical hero dishes (persistence/repeatability)."""
        body = {"household": persona.household, "context": persona.context}
        r1 = signed_post("/v1/recommendations", body)
        r2 = signed_post("/v1/recommendations", body)
        assert r1.status_code == 200 and r2.status_code == 200
        heroes1 = [p["hero_dish_ids"] for p in r1.json()["plates"]]
        heroes2 = [p["hero_dish_ids"] for p in r2.json()["plates"]]
&gt;       assert heroes1 == heroes2, f"{persona.key}: non-deterministic recommendations across calls"
E       AssertionError: real_p03: non-deterministic recommendations across calls
E       assert [['md5:Thoran...Sambar'], ...] == [['md5:Thoran...Sambar'], ...]
E         
E         At index 6 diff: ['md5:Appam', 'md5:Avial'] != ['md5:Keerai Masiyal', 'md5:Vengaya Sambar']
E         Use -v to get more diff

ops/quality/suites/test_recommendation_behavior.py:154: AssertionError</failure></testcase><testcase classname="ops.quality.suites.test_recommendation_behavior" name="test_persona_determinism[real_p04]" time="0.365" /><testcase classname="ops.quality.suites.test_recommendation_behavior" name="test_persona_determinism[real_p05]" time="0.385" /><testcase classname="ops.quality.suites.test_recommendation_behavior" name="test_persona_determinism[real_p06]" time="0.472" /><testcase classname="ops.quality.suites.test_recommendation_behavior" name="test_persona_determinism[real_p07]" time="0.353" /><testcase classname="ops.quality.suites.test_recommendation_behavior" name="test_persona_determinism[real_p08]" time="0.140" /><testcase classname="ops.quality.suites.test_recommendation_behavior" name="test_persona_determinism[real_p09]" time="0.112" /><testcase classname="ops.quality.suites.test_recommendation_behavior" name="test_persona_determinism[real_p10]" time="0.197" /><testcase classname="ops.quality.suites.test_recommendation_behavior" name="test_persona_determinism[real_p11]" time="0.191" /><testcase classname="ops.quality.suites.test_recommendation_behavior" name="test_persona_determinism[real_p12]" time="0.211" /><testcase classname="ops.quality.suites.test_recommendation_behavior" name="test_persona_determinism[real_p13]" time="0.388"><failure message="AssertionError: real_p13: non-deterministic recommendations across calls&#10;assert [['md5:Paneer... Bhaji'], ...] == [['md5:Paneer... Bhaji'], ...]&#10;  &#10;  At index 6 diff: ['md5:Baingan Bharta', 'md5:Pakodi Ki Kadhi'] != ['md5:Paneer Tikka', 'md5:Pakodi Ki Kadhi']&#10;  Use -v to get more diff">persona = Persona(key='real_p13', label='Joint/multi-generation family', household={'q1_household_type': 'couple_kids_parents', ...on_veg',), forbid_ingredients=(), expect_warnings=None, note='derived from persona_master P13 (joint_multigeneration)')
signed_post = &lt;function signed_post.&lt;locals&gt;._post at 0x7ab5321ba2a0&gt;

    @pytest.mark.parametrize("persona", [p for p in PERSONAS if p.expect_status == 200], ids=[
        p.key for p in PERSONAS if p.expect_status == 200])
    def test_persona_determinism(persona, signed_post):
        """The same request twice yields identical hero dishes (persistence/repeatability)."""
        body = {"household": persona.household, "context": persona.context}
        r1 = signed_post("/v1/recommendations", body)
        r2 = signed_post("/v1/recommendations", body)
        assert r1.status_code == 200 and r2.status_code == 200
        heroes1 = [p["hero_dish_ids"] for p in r1.json()["plates"]]
        heroes2 = [p["hero_dish_ids"] for p in r2.json()["plates"]]
&gt;       assert heroes1 == heroes2, f"{persona.key}: non-deterministic recommendations across calls"
E       AssertionError: real_p13: non-deterministic recommendations across calls
E       assert [['md5:Paneer... Bhaji'], ...] == [['md5:Paneer... Bhaji'], ...]
E         
E         At index 6 diff: ['md5:Baingan Bharta', 'md5:Pakodi Ki Kadhi'] != ['md5:Paneer Tikka', 'md5:Pakodi Ki Kadhi']
E         Use -v to get more diff

ops/quality/suites/test_recommendation_behavior.py:154: AssertionError</failure></testcase><testcase classname="ops.quality.suites.test_recommendation_behavior" name="test_persona_determinism[real_p14]" time="0.204" /><testcase classname="ops.quality.suites.test_recommendation_behavior" name="test_persona_determinism[real_p15]" time="0.193" /><testcase classname="ops.quality.suites.test_recommendation_behavior" name="test_persona_determinism[real_p16]" time="0.226" /><testcase classname="ops.quality.suites.test_recommendation_behavior" name="test_persona_determinism[real_p17]" time="0.196" /><testcase classname="ops.quality.suites.test_recommendation_behavior" name="test_persona_determinism[real_p18]" time="0.432" /><testcase classname="ops.quality.suites.test_recommendation_behavior" name="test_persona_determinism[real_p19]" time="0.370" /><testcase classname="ops.quality.suites.test_recommendation_behavior" name="test_persona_determinism[real_p20]" time="0.079" /><testcase classname="ops.quality.suites.test_recommendation_behavior" name="test_persona_determinism[real_p21]" time="0.259" /><testcase classname="ops.quality.suites.test_recommendation_behavior" name="test_persona_determinism[real_p22]" time="0.206"><failure message="AssertionError: real_p22: non-deterministic recommendations across calls&#10;assert [['md5:Thoran...:Avial'], ...] == [['md5:Thoran...:Avial'], ...]&#10;  &#10;  At index 6 diff: ['md5:Vendakkai Poriyal', 'md5:Vengaya Sambar'] != ['md5:Idiyappam', 'md5:Avial (Kerala)']&#10;  Use -v to get more diff">persona = Persona(key='real_p22', label='Cook-assisted household: skilled cook', household={'q1_household_type': 'couple', 'q2_w...on_veg',), forbid_ingredients=(), expect_warnings=None, note='derived from persona_master P22 (cook_assisted_skilled)')
signed_post = &lt;function signed_post.&lt;locals&gt;._post at 0x7ab5321ba2a0&gt;

    @pytest.mark.parametrize("persona", [p for p in PERSONAS if p.expect_status == 200], ids=[
        p.key for p in PERSONAS if p.expect_status == 200])
    def test_persona_determinism(persona, signed_post):
        """The same request twice yields identical hero dishes (persistence/repeatability)."""
        body = {"household": persona.household, "context": persona.context}
        r1 = signed_post("/v1/recommendations", body)
        r2 = signed_post("/v1/recommendations", body)
        assert r1.status_code == 200 and r2.status_code == 200
        heroes1 = [p["hero_dish_ids"] for p in r1.json()["plates"]]
        heroes2 = [p["hero_dish_ids"] for p in r2.json()["plates"]]
&gt;       assert heroes1 == heroes2, f"{persona.key}: non-deterministic recommendations across calls"
E       AssertionError: real_p22: non-deterministic recommendations across calls
E       assert [['md5:Thoran...:Avial'], ...] == [['md5:Thoran...:Avial'], ...]
E         
E         At index 6 diff: ['md5:Vendakkai Poriyal', 'md5:Vengaya Sambar'] != ['md5:Idiyappam', 'md5:Avial (Kerala)']
E         Use -v to get more diff

ops/quality/suites/test_recommendation_behavior.py:154: AssertionError</failure></testcase><testcase classname="ops.quality.suites.test_recommendation_behavior" name="test_persona_determinism[real_p23]" time="0.297" /><testcase classname="ops.quality.suites.test_recommendation_behavior" name="test_persona_determinism[real_p24]" time="0.507" /><testcase classname="ops.quality.suites.test_recommendation_behavior" name="test_persona_determinism[real_p25]" time="0.279"><failure message="AssertionError: real_p25: non-deterministic recommendations across calls&#10;assert [['md5:Paneer...ainsoo'], ...] == [['md5:Paneer...ainsoo'], ...]&#10;  &#10;  At index 6 diff: ['md5:Kachhi Haldi Ki Sabzi', 'md5:Phaanu'] != ['md5:Haak (Kashmiri Greens)', 'md5:Phaanu']&#10;  Use -v to get more diff">persona = Persona(key='real_p25', label='Maid-dependent minimal cooking / batch cook', household={'q1_household_type': 'couple',...eg',), forbid_ingredients=(), expect_warnings=None, note='derived from persona_master P25 (maid_dependent_batch_cook)')
signed_post = &lt;function signed_post.&lt;locals&gt;._post at 0x7ab5321ba2a0&gt;

    @pytest.mark.parametrize("persona", [p for p in PERSONAS if p.expect_status == 200], ids=[
        p.key for p in PERSONAS if p.expect_status == 200])
    def test_persona_determinism(persona, signed_post):
        """The same request twice yields identical hero dishes (persistence/repeatability)."""
        body = {"household": persona.household, "context": persona.context}
        r1 = signed_post("/v1/recommendations", body)
        r2 = signed_post("/v1/recommendations", body)
        assert r1.status_code == 200 and r2.status_code == 200
        heroes1 = [p["hero_dish_ids"] for p in r1.json()["plates"]]
        heroes2 = [p["hero_dish_ids"] for p in r2.json()["plates"]]
&gt;       assert heroes1 == heroes2, f"{persona.key}: non-deterministic recommendations across calls"
E       AssertionError: real_p25: non-deterministic recommendations across calls
E       assert [['md5:Paneer...ainsoo'], ...] == [['md5:Paneer...ainsoo'], ...]
E         
E         At index 6 diff: ['md5:Kachhi Haldi Ki Sabzi', 'md5:Phaanu'] != ['md5:Haak (Kashmiri Greens)', 'md5:Phaanu']
E         Use -v to get more diff

ops/quality/suites/test_recommendation_behavior.py:154: AssertionError</failure></testcase><testcase classname="ops.quality.suites.test_recommendation_behavior" name="test_persona_determinism[real_p26]" time="0.290" /><testcase classname="ops.quality.suites.test_recommendation_behavior" name="test_persona_determinism[real_p27]" time="0.250" /><testcase classname="ops.quality.suites.test_recommendation_behavior" name="test_persona_determinism[real_p28]" time="0.202"><failure message="AssertionError: real_p28: non-deterministic recommendations across calls&#10;assert [['md5:Thoran... Rasam'], ...] == [['md5:Thoran... Rasam'], ...]&#10;  &#10;  At index 6 diff: ['md5:Idiyappam', 'md5:Kuzhambu (Vathal)'] != ['md5:Appam', 'md5:Kuzhambu (Vathal)']&#10;  Use -v to get more diff">persona = Persona(key='real_p28', label='Migrant in metro preserving home-state food', household={'q1_household_type': 'single',...veg',), forbid_ingredients=(), expect_warnings=None, note='derived from persona_master P28 (migrant_adult_home_state)')
signed_post = &lt;function signed_post.&lt;locals&gt;._post at 0x7ab5321ba2a0&gt;

    @pytest.mark.parametrize("persona", [p for p in PERSONAS if p.expect_status == 200], ids=[
        p.key for p in PERSONAS if p.expect_status == 200])
    def test_persona_determinism(persona, signed_post):
        """The same request twice yields identical hero dishes (persistence/repeatability)."""
        body = {"household": persona.household, "context": persona.context}
        r1 = signed_post("/v1/recommendations", body)
        r2 = signed_post("/v1/recommendations", body)
        assert r1.status_code == 200 and r2.status_code == 200
        heroes1 = [p["hero_dish_ids"] for p in r1.json()["plates"]]
        heroes2 = [p["hero_dish_ids"] for p in r2.json()["plates"]]
&gt;       assert heroes1 == heroes2, f"{persona.key}: non-deterministic recommendations across calls"
E       AssertionError: real_p28: non-deterministic recommendations across calls
E       assert [['md5:Thoran... Rasam'], ...] == [['md5:Thoran... Rasam'], ...]
E         
E         At index 6 diff: ['md5:Idiyappam', 'md5:Kuzhambu (Vathal)'] != ['md5:Appam', 'md5:Kuzhambu (Vathal)']
E         Use -v to get more diff

ops/quality/suites/test_recommendation_behavior.py:154: AssertionError</failure></testcase><testcase classname="ops.quality.suites.test_recommendation_behavior" name="test_persona_determinism[real_p29]" time="0.188"><failure message="AssertionError: real_p29: non-deterministic recommendations across calls&#10;assert [['md5:Begun ...Shukto'], ...] == [['md5:Begun ...Shukto'], ...]&#10;  &#10;  At index 6 diff: ['md5:Saga Bhaja', 'md5:Dalma'] != ['md5:Bharli Vangi', 'md5:Amti']&#10;  Use -v to get more diff">persona = Persona(key='real_p29', label='Inter-state couple / mixed cuisine household', household={'q1_household_type': 'couple'... forbid_ingredients=(), expect_warnings=None, note='derived from persona_master P29 (interstate_couple_mixed_cuisine)')
signed_post = &lt;function signed_post.&lt;locals&gt;._post at 0x7ab5321ba2a0&gt;

    @pytest.mark.parametrize("persona", [p for p in PERSONAS if p.expect_status == 200], ids=[
        p.key for p in PERSONAS if p.expect_status == 200])
    def test_persona_determinism(persona, signed_post):
        """The same request twice yields identical hero dishes (persistence/repeatability)."""
        body = {"household": persona.household, "context": persona.context}
        r1 = signed_post("/v1/recommendations", body)
        r2 = signed_post("/v1/recommendations", body)
        assert r1.status_code == 200 and r2.status_code == 200
        heroes1 = [p["hero_dish_ids"] for p in r1.json()["plates"]]
        heroes2 = [p["hero_dish_ids"] for p in r2.json()["plates"]]
[...]
signed_post = &lt;function signed_post.&lt;locals&gt;._post at 0x7ab5321ba2a0&gt;

    @pytest.mark.parametrize("persona", [p for p in PERSONAS if p.expect_status == 200], ids=[
        p.key for p in PERSONAS if p.expect_status == 200])
    def test_persona_determinism(persona, signed_post):
        """The same request twice yields identical hero dishes (persistence/repeatability)."""
        body = {"household": persona.household, "context": persona.context}
        r1 = signed_post("/v1/recommendations", body)
        r2 = signed_post("/v1/recommendations", body)
        assert r1.status_code == 200 and r2.status_code == 200
        heroes1 = [p["hero_dish_ids"] for p in r1.json()["plates"]]
        heroes2 = [p["hero_dish_ids"] for p in r2.json()["plates"]]
&gt;       assert heroes1 == heroes2, f"{persona.key}: non-deterministic recommendations across calls"
E       AssertionError: region_jharkhand: non-deterministic recommendations across calls
E       assert [['md5:Begun ...ok Dal'], ...] == [['md5:Begun ...ok Dal'], ...]
E         
E         At index 6 diff: ['md5:Fried Bombil', 'md5:Amti'] != ['md5:Bharli Vangi', 'md5:Amti']
E         Use -v to get more diff

ops/quality/suites/test_recommendation_behavior.py:154: AssertionError</failure></testcase><testcase classname="ops.quality.suites.test_recommendation_behavior" name="test_persona_determinism[large_joint_family_veg]" time="0.193" /><testcase classname="ops.quality.suites.test_recommendation_behavior" name="test_persona_determinism[large_joint_family_non_veg]" time="0.662"><failure message="AssertionError: large_joint_family_non_veg: non-deterministic recommendations across calls&#10;assert [['md5:Bhindi... Marag'], ...] == [['md5:Bhindi... Marag'], ...]&#10;  &#10;  At index 6 diff: ['md5:Ker Sangri', 'md5:Dubuk'] != ['md5:Egg Curry', 'md5:Pakodi Ki Kadhi']&#10;  Use -v to get more diff">persona = Persona(key='large_joint_family_non_veg', label='Large 3-generation joint family (non_veg)', household={'q1_household_... forbid_diet=(), forbid_ingredients=(), expect_warnings=None, note='extreme household size (6 members, 3 generations)')
signed_post = &lt;function signed_post.&lt;locals&gt;._post at 0x7ab5321ba2a0&gt;

    @pytest.mark.parametrize("persona", [p for p in PERSONAS if p.expect_status == 200], ids=[
        p.key for p in PERSONAS if p.expect_status == 200])
    def test_persona_determinism(persona, signed_post):
        """The same request twice yields identical hero dishes (persistence/repeatability)."""
        body = {"household": persona.household, "context": persona.context}
        r1 = signed_post("/v1/recommendations", body)
        r2 = signed_post("/v1/recommendations", body)
        assert r1.status_code == 200 and r2.status_code == 200
        heroes1 = [p["hero_dish_ids"] for p in r1.json()["plates"]]
        heroes2 = [p["hero_dish_ids"] for p in r2.json()["plates"]]
&gt;       assert heroes1 == heroes2, f"{persona.key}: non-deterministic recommendations across calls"
E       AssertionError: large_joint_family_non_veg: non-deterministic recommendations across calls
E       assert [['md5:Bhindi... Marag'], ...] == [['md5:Bhindi... Marag'], ...]
E         
E         At index 6 diff: ['md5:Ker Sangri', 'md5:Dubuk'] != ['md5:Egg Curry', 'md5:Pakodi Ki Kadhi']
E         Use -v to get more diff

ops/quality/suites/test_recommendation_behavior.py:154: AssertionError</failure></testcase><testcase classname="ops.quality.suites.test_recommendation_behavior" name="test_persona_determinism[solo_elder_veg]" time="0.203" /><testcase classname="ops.quality.suites.test_recommendation_behavior" name="test_persona_determinism[solo_elder_non_veg]" time="0.429" /><testcase classname="ops.quality.suites.test_recommendation_behavior" name="test_persona_determinism[multi_allergy_0]" time="0.178"><failure message="AssertionError: multi_allergy_0: non-deterministic recommendations across calls&#10;assert [['md5:Sannas... Bhaji'], ...] == [['md5:Sannas... Bhaji'], ...]&#10;  &#10;  At index 6 diff: ['md5:Idiyappam', 'md5:Manga Curry'] != ['md5:Poriyal', 'md5:Manga Curry']&#10;  Use -v to get more diff">persona = Persona(key='multi_allergy_0', label='Household with 3 simultaneous allergies', household={'q1_household_type': 'coupl...ts=('peanut', 'paneer', 'wheat_flour'), expect_warnings=None, note='multi-allergen exclusion must hold simultaneously')
signed_post = &lt;function signed_post.&lt;locals&gt;._post at 0x7ab5321ba2a0&gt;

    @pytest.mark.parametrize("persona", [p for p in PERSONAS if p.expect_status == 200], ids=[
        p.key for p in PERSONAS if p.expect_status == 200])
    def test_persona_determinism(persona, signed_post):
        """The same request twice yields identical hero dishes (persistence/repeatability)."""
        body = {"household": persona.household, "context": persona.context}
        r1 = signed_post("/v1/recommendations", body)
        r2 = signed_post("/v1/recommendations", body)
        assert r1.status_code == 200 and r2.status_code == 200
        heroes1 = [p["hero_dish_ids"] for p in r1.json()["plates"]]
        heroes2 = [p["hero_dish_ids"] for p in r2.json()["plates"]]
&gt;       assert heroes1 == heroes2, f"{persona.key}: non-deterministic recommendations across calls"
E       AssertionError: multi_allergy_0: non-deterministic recommendations across calls
E       assert [['md5:Sannas... Bhaji'], ...] == [['md5:Sannas... Bhaji'], ...]
E         
E         At index 6 diff: ['md5:Idiyappam', 'md5:Manga Curry'] != ['md5:Poriyal', 'md5:Manga Curry']
E         Use -v to get more diff

ops/quality/suites/test_recommendation_behavior.py:154: AssertionError</failure></testcase><testcase classname="ops.quality.suites.test_recommendation_behavior" name="test_persona_determinism[multi_allergy_1]" time="0.404"><failure message="AssertionError: multi_allergy_1: non-deterministic recommendations across calls&#10;assert [['md5:Bharli...akhani'], ...] == [['md5:Bharli...akhani'], ...]&#10;  &#10;  At index 6 diff: ['md5:Paneer Tikka', 'md5:Dum Aloo'] != ['md5:Rasam Vada', 'md5:Saagu']&#10;  Use -v to get more diff">persona = Persona(key='multi_allergy_1', label='Household with 4 simultaneous allergies', household={'q1_household_type': 'coupl...', 'egg', 'soy_sauce', 'sesame_seeds'), expect_warnings=None, note='multi-allergen exclusion must hold simultaneously')
signed_post = &lt;function signed_post.&lt;locals&gt;._post at 0x7ab5321ba2a0&gt;

    @pytest.mark.parametrize("persona", [p for p in PERSONAS if p.expect_status == 200], ids=[
        p.key for p in PERSONAS if p.expect_status == 200])
    def test_persona_determinism(persona, signed_post):
        """The same request twice yields identical hero dishes (persistence/repeatability)."""
        body = {"household": persona.household, "context": persona.context}
        r1 = signed_post("/v1/recommendations", body)
        r2 = signed_post("/v1/recommendations", body)
        assert r1.status_code == 200 and r2.status_code == 200
        heroes1 = [p["hero_dish_ids"] for p in r1.json()["plates"]]
        heroes2 = [p["hero_dish_ids"] for p in r2.json()["plates"]]
&gt;       assert heroes1 == heroes2, f"{persona.key}: non-deterministic recommendations across calls"
E       AssertionError: multi_allergy_1: non-deterministic recommendations across calls
E       assert [['md5:Bharli...akhani'], ...] == [['md5:Bharli...akhani'], ...]
E         
E         At index 6 diff: ['md5:Paneer Tikka', 'md5:Dum Aloo'] != ['md5:Rasam Vada', 'md5:Saagu']
E         Use -v to get more diff

ops/quality/suites/test_recommendation_behavior.py:154: AssertionError</failure></testcase><testcase classname="ops.quality.suites.test_recommendation_behavior" name="test_persona_determinism[fasting_ramzan_derived]" time="0.300"><failure message="AssertionError: fasting_ramzan_derived: non-deterministic recommendations across calls&#10;assert [['md5:Mutta ...:Saagu'], ...] == [['md5:Mutta ...:Saagu'], ...]&#10;  &#10;  At index 6 diff: ['md5:Poriyal', 'md5:Parippu Curry'] != ['md5:Appam', 'md5:Parippu Curry']&#10;  Use -v to get more diff">persona = Persona(key='fasting_ramzan_derived', label='Ramzan-observant non-veg household', household={'q1_household_type': 'cou..., forbid_ingredients=(), expect_warnings=None, note='fasting filter with non-veg household — must stay contract-valid')
signed_post = &lt;function signed_post.&lt;locals&gt;._post at 0x7ab5321ba2a0&gt;

    @pytest.mark.parametrize("persona", [p for p in PERSONAS if p.expect_status == 200], ids=[
        p.key for p in PERSONAS if p.expect_status == 200])
    def test_persona_determinism(persona, signed_post):
        """The same request twice yields identical hero dishes (persistence/repeatability)."""
        body = {"household": persona.household, "context": persona.context}
        r1 = signed_post("/v1/recommendations", body)
        r2 = signed_post("/v1/recommendations", body)
        assert r1.status_code == 200 and r2.status_code == 200
        heroes1 = [p["hero_dish_ids"] for p in r1.json()["plates"]]
        heroes2 = [p["hero_dish_ids"] for p in r2.json()["plates"]]
&gt;       assert heroes1 == heroes2, f"{persona.key}: non-deterministic recommendations across calls"
E       AssertionError: fasting_ramzan_derived: non-deterministic recommendations across calls
E       assert [['md5:Mutta ...:Saagu'], ...] == [['md5:Mutta ...:Saagu'], ...]
E         
E         At index 6 diff: ['md5:Poriyal', 'md5:Parippu Curry'] != ['md5:Appam', 'md5:Parippu Curry']
E         Use -v to get more diff

ops/quality/suites/test_recommendation_behavior.py:154: AssertionError</failure></testcase><testcase classname="ops.quality.suites.test_recommendation_behavior" name="test_persona_determinism[fasting_ekadashi_jain_derived]" time="0.078" /><testcase classname="ops.quality.suites.test_recommendation_behavior" name="test_persona_determinism[jain_dairy_allergy_derived]" time="0.063" /><testcase classname="ops.quality.suites.test_recommendation_behavior" name="test_persona_determinism[egg_diet_egg_allergy_derived]" time="0.176" /><testcase classname="ops.quality.suites.test_recommendation_behavior" name="test_persona_determinism[huge_household_derived]" time="0.219"><failure message="AssertionError: huge_household_derived: non-deterministic recommendations across calls&#10;assert [['md5:Shukni...Sambar'], ...] == [['md5:Shukni...Sambar'], ...]&#10;  &#10;  At index 6 diff: ['md5:Aloo Pitika', 'md5:Aloo Dum (Bengali)'] != ['md5:Vendakkai Poriyal', 'md5:Manga Curry']&#10;  Use -v to get more diff">persona = Persona(key='huge_household_derived', label='Household with 20 members', household={'q1_household_type': 'couple_kids_...iet=('non_veg',), forbid_ingredients=(), expect_warnings=None, note='extreme member count must not crash the pipeline')
signed_post = &lt;function signed_post.&lt;locals&gt;._post at 0x7ab5321ba2a0&gt;

    @pytest.mark.parametrize("persona", [p for p in PERSONAS if p.expect_status == 200], ids=[
        p.key for p in PERSONAS if p.expect_status == 200])
    def test_persona_determinism(persona, signed_post):
        """The same request twice yields identical hero dishes (persistence/repeatability)."""
        body = {"household": persona.household, "context": persona.context}
        r1 = signed_post("/v1/recommendations", body)
        r2 = signed_post("/v1/recommendations", body)
        assert r1.status_code == 200 and r2.status_code == 200
        heroes1 = [p["hero_dish_ids"] for p in r1.json()["plates"]]
        heroes2 = [p["hero_dish_ids"] for p in r2.json()["plates"]]
&gt;       assert heroes1 == heroes2, f"{persona.key}: non-deterministic recommendations across calls"
E       AssertionError: huge_household_derived: non-deterministic recommendations across calls
E       assert [['md5:Shukni...Sambar'], ...] == [['md5:Shukni...Sambar'], ...]
E         
E         At index 6 diff: ['md5:Aloo Pitika', 'md5:Aloo Dum (Bengali)'] != ['md5:Vendakkai Poriyal', 'md5:Manga Curry']
E         Use -v to get more diff

ops/quality/suites/test_recommendation_behavior.py:154: AssertionError</failure></testcase><testcase classname="ops.quality.suites.test_recommendation_behavior" name="test_persona_determinism[zero_professionals_derived]" time="0.284" /><testcase classname="ops.quality.suites.test_recommendation_behavior" name="test_persona_determinism[centenarian_derived]" time="0.318"><failure message="AssertionError: centenarian_derived: non-deterministic recommendations across calls&#10;assert [['md5:Bhindi...Pakora'], ...] == [['md5:Bhindi...Pakora'], ...]&#10;  &#10;  At index 6 diff: ['md5:Ker Sangri', 'md5:Mix Veg'] != ['md5:Paneer Bhurji', 'md5:Chainsoo']&#10;  Use -v to get more diff">persona = Persona(key='centenarian_derived', label='Household with a 100-year-old member', household={'q1_household_type': 'coup...non_veg',), forbid_ingredients=(), expect_warnings=None, note='extreme age boundary (100) must not crash the pipeline')
signed_post = &lt;function signed_post.&lt;locals&gt;._post at 0x7ab5321ba2a0&gt;

    @pytest.mark.parametrize("persona", [p for p in PERSONAS if p.expect_status == 200], ids=[
        p.key for p in PERSONAS if p.expect_status == 200])
    def test_persona_determinism(persona, signed_post):
        """The same request twice yields identical hero dishes (persistence/repeatability)."""
        body = {"household": persona.household, "context": persona.context}
        r1 = signed_post("/v1/recommendations", body)
        r2 = signed_post("/v1/recommendations", body)
        assert r1.status_code == 200 and r2.status_code == 200
        heroes1 = [p["hero_dish_ids"] for p in r1.json()["plates"]]
        heroes2 = [p["hero_dish_ids"] for p in r2.json()["plates"]]
&gt;       assert heroes1 == heroes2, f"{persona.key}: non-deterministic recommendations across calls"
E       AssertionError: centenarian_derived: non-deterministic recommendations across calls
E       assert [['md5:Bhindi...Pakora'], ...] == [['md5:Bhindi...Pakora'], ...]
E         
E         At index 6 diff: ['md5:Ker Sangri', 'md5:Mix Veg'] != ['md5:Paneer Bhurji', 'md5:Chainsoo']
E         Use -v to get more diff

ops/quality/suites/test_recommendation_behavior.py:154: AssertionError</failure></testcase><testcase classname="ops.quality.suites.test_recommendation_behavior" name="test_persona_determinism[daily_eat_out_derived]" time="0.467" /><testcase classname="ops.quality.suites.test_recommendation_behavior" name="test_persona_determinism[five_children_derived]" time="0.302" /><testcase classname="ops.quality.suites.test_recommendation_behavior" name="test_persona_determinism[duplicate_allergy_entries_derived]" time="0.262"><failure message="AssertionError: duplicate_allergy_entries_derived: non-deterministic recommendations across calls&#10;assert [['md5:Rasam ...heeyal'], ...] == [['md5:Rasam ...heeyal'], ...]&#10;  &#10;  At index 6 diff: ['md5:Appam', 'md5:Avial'] != ['md5:Keerai Masiyal', 'md5:Avial']&#10;  Use -v to get more diff">persona = Persona(key='duplicate_allergy_entries_derived', label='Household with duplicate allergy entries', household={'q1_hous...id_ingredients=('peanut',), expect_warnings=None, note='duplicate allergy tokens must not break dedup/exclusion logic')
signed_post = &lt;function signed_post.&lt;locals&gt;._post at 0x7ab5321ba2a0&gt;

    @pytest.mark.parametrize("persona", [p for p in PERSONAS if p.expect_status == 200], ids=[
        p.key for p in PERSONAS if p.expect_status == 200])
    def test_persona_determinism(persona, signed_post):
        """The same request twice yields identical hero dishes (persistence/repeatability)."""
        body = {"household": persona.household, "context": persona.context}
        r1 = signed_post("/v1/recommendations", body)
        r2 = signed_post("/v1/recommendations", body)
        assert r1.status_code == 200 and r2.status_code == 200
        heroes1 = [p["hero_dish_ids"] for p in r1.json()["plates"]]
        heroes2 = [p["hero_dish_ids"] for p in r2.json()["plates"]]
&gt;       assert heroes1 == heroes2, f"{persona.key}: non-deterministic recommendations across calls"
E       AssertionError: duplicate_allergy_entries_derived: non-deterministic recommendations across calls
E       assert [['md5:Rasam ...heeyal'], ...] == [['md5:Rasam ...heeyal'], ...]
E         
E         At index 6 diff: ['md5:Appam', 'md5:Avial'] != ['md5:Keerai Masiyal', 'md5:Avial']
E         Use -v to get more diff

ops/quality/suites/test_recommendation_behavior.py:154: AssertionError</failure></testcase><testcase classname="ops.quality.suites.test_recommendation_behavior" name="test_persona_determinism[objective_awesome_taste_derived]" time="0.193" /><testcase classname="ops.quality.suites.test_recommendation_behavior" name="test_persona_determinism[objective_healthy_living_derived]" time="0.210" /><testcase classname="ops.quality.suites.test_recommendation_behavior" name="test_persona_determinism[objective_into_fitness_derived]" time="0.174" /><testcase classname="ops.quality.suites.test_recommendation_behavior" name="test_persona_determinism[objective_protein_calculator_derived]" time="0.245"><failure message="AssertionError: objective_protein_calculator_derived: non-deterministic recommendations across calls&#10;assert [['md5:Rasam ...Sambar'], ...] == [['md5:Rasam ...Sambar'], ...]&#10;  &#10;  At index 6 diff: ['md5:Appam', 'md5:Avial'] != ['md5:Paneer Bhurji', 'md5:Dal Makhani']&#10;  Use -v to get more diff">persona = Persona(key='objective_protein_calculator_derived', label='Veg household with objective=protein_calculator', household...lates=7, forbid_diet=('non_veg',), forbid_ingredients=(), expect_warnings=None, note='Q15 objective coverage gap-fill')
signed_post = &lt;function signed_post.&lt;locals&gt;._post at 0x7ab5321ba2a0&gt;

    @pytest.mark.parametrize("persona", [p for p in PERSONAS if p.expect_status == 200], ids=[
        p.key for p in PERSONAS if p.expect_status == 200])
    def test_persona_determinism(persona, signed_post):
        """The same request twice yields identical hero dishes (persistence/repeatability)."""
        body = {"household": persona.household, "context": persona.context}
        r1 = signed_post("/v1/recommendations", body)
        r2 = signed_post("/v1/recommendations", body)
        assert r1.status_code == 200 and r2.status_code == 200
        heroes1 = [p["hero_dish_ids"] for p in r1.json()["plates"]]
        heroes2 = [p["hero_dish_ids"] for p in r2.json()["plates"]]
&gt;       assert heroes1 == heroes2, f"{persona.key}: non-deterministic recommendations across calls"
E       AssertionError: objective_protein_calculator_derived: non-deterministic recommendations across calls
E       assert [['md5:Rasam ...Sambar'], ...] == [['md5:Rasam ...Sambar'], ...]
E         
E         At index 6 diff: ['md5:Appam', 'md5:Avial'] != ['md5:Paneer Bhurji', 'md5:Dal Makhani']
E         Use -v to get more diff

ops/quality/suites/test_recommendation_behavior.py:154: AssertionError</failure></testcase><testcase classname="ops.quality.suites.test_recommendation_behavior" name="test_persona_fallback_warnings[NOTSET]" time="0.005"><skipped type="pytest.skip" message="got empty parameter set for (persona)">/home/ankit_mittal_mds02/foofoo-v3/ops/quality/suites/test_recommendation_behavior.py:157: got empty parameter set for (persona)</skipped></testcase></testsuite></testsuites>